#
# There is insufficient memory for the Java Runtime Environment to continue.
# Native memory allocation (malloc) failed to allocate 1112512 bytes. Error detail: Chunk::new
# Possible reasons:
#   The system is out of physical RAM or swap space
#   This process is running with CompressedOops enabled, and the Java Heap may be blocking the growth of the native heap
# Possible solutions:
#   Reduce memory load on the system
#   Increase physical memory or swap space
#   Check if swap backing store is full
#   Decrease Java heap size (-Xmx/-Xms)
#   Decrease number of Java threads
#   Decrease Java thread stack sizes (-Xss)
#   Set larger code cache with -XX:ReservedCodeCacheSize=
#   JVM is running with Unscaled Compressed Oops mode in which the Java heap is
#     placed in the first 4GB address space. The Java Heap base address is the
#     maximum limit for the native heap growth. Please use -XX:HeapBaseMinAddress
#     to set the Java Heap base and to place the Java Heap above 4GB virtual address.
# This output file may be truncated or incomplete.
#
#  Out of Memory Error (arena.cpp:168), pid=18552, tid=35684
#
# JRE version: OpenJDK Runtime Environment Temurin-21.0.10+7 (21.0.10+7) (build 21.0.10+7-LTS)
# Java VM: OpenJDK 64-Bit Server VM Temurin-21.0.10+7 (21.0.10+7-LTS, mixed mode, sharing, tiered, compressed oops, compressed class ptrs, parallel gc, windows-amd64)
# No core dump will be written. Minidumps are not enabled by default on client versions of Windows
#

---------------  S U M M A R Y ------------

Command Line: --add-modules=ALL-SYSTEM --add-opens=java.base/java.util=ALL-UNNAMED --add-opens=java.base/java.lang=ALL-UNNAMED --add-opens=java.base/sun.nio.fs=ALL-UNNAMED -Declipse.application=org.eclipse.jdt.ls.core.id1 -Dosgi.bundles.defaultStartLevel=4 -Declipse.product=org.eclipse.jdt.ls.core.product -Djava.import.generatesMetadataFilesAtProjectRoot=false -DDetectVMInstallationsJob.disabled=true -Dfile.encoding=utf8 -XX:+UseParallelGC -XX:GCTimeRatio=4 -XX:AdaptiveSizePolicyWeight=90 -Dsun.zip.disableMemoryMapping=true -Xmx2G -Xms100m -Xlog:disable -javaagent:c:\Users\caren\.vscode\extensions\redhat.java-1.54.0-win32-x64\lombok\lombok-1.18.39-4050.jar -XX:+HeapDumpOnOutOfMemoryError -XX:HeapDumpPath=c:\Users\caren\AppData\Roaming\Code\User\workspaceStorage\4edd4b11fff888b15d5f69428c806800\redhat.java -Daether.dependencyCollector.impl=bf c:\Users\caren\.vscode\extensions\redhat.java-1.54.0-win32-x64\server\plugins\org.eclipse.equinox.launcher_1.7.100.v20251111-0406.jar -configuration c:\Users\caren\AppData\Roaming\Code\User\globalStorage\redhat.java\1.54.0\config_win -data c:\Users\caren\AppData\Roaming\Code\User\workspaceStorage\4edd4b11fff888b15d5f69428c806800\redhat.java\jdt_ws --pipe=\\.\pipe\lsp-864ff6d0ec90f4edc8509d4908592777-sock

Host: AMD Ryzen 7 7435HS                             , 16 cores, 15G,  Windows 11 , 64 bit Build 26100 (10.0.26100.8246)
Time: Sun May 17 21:14:18 2026 SE Asia Standard Time elapsed time: 49.650921 seconds (0d 0h 0m 49s)

---------------  T H R E A D  ---------------

Current thread (0x000001de74c55490):  JavaThread "C2 CompilerThread0" daemon [_thread_in_native, id=35684, stack(0x0000002c38300000,0x0000002c38400000) (1024K)]


Current CompileTask:
C2:49651 11276       4       org.eclipse.jdt.internal.compiler.parser.Scanner::internalScanIdentifierOrKeyword (5041 bytes)

Stack: [0x0000002c38300000,0x0000002c38400000]
Native frames: (J=compiled Java code, j=interpreted, Vv=VM code, C=native code)
V  [jvm.dll+0x6d7a39]
V  [jvm.dll+0x8b4b26]
V  [jvm.dll+0x8b70de]
V  [jvm.dll+0x8b77c3]
V  [jvm.dll+0x284346]
V  [jvm.dll+0xc66ed]
V  [jvm.dll+0xc6c31]
V  [jvm.dll+0x3bec3b]
V  [jvm.dll+0x38b162]
V  [jvm.dll+0x38a5aa]
V  [jvm.dll+0x24c560]
V  [jvm.dll+0x24bb40]
V  [jvm.dll+0x1cb34e]
V  [jvm.dll+0x25b85d]
V  [jvm.dll+0x259dea]
V  [jvm.dll+0x3f857e]
V  [jvm.dll+0x85f59d]
V  [jvm.dll+0x6d626d]
C  [ucrtbase.dll+0x37b0]
C  [KERNEL32.DLL+0x2e8d7]
C  [ntdll.dll+0x8c3fc]


---------------  P R O C E S S  ---------------

Threads class SMR info:
_java_thread_list=0x000001de7ef3ef60, length=72, elements={
0x000001de1be1ddb0, 0x000001de1bec83b0, 0x000001de1bec9fc0, 0x000001de1becc000,
0x000001de1beccee0, 0x000001de1bed0710, 0x000001de1beda470, 0x000001de74c55490,
0x000001de1bedda70, 0x000001de74eb00d0, 0x000001de76526af0, 0x000001de76c81f90,
0x000001de7b3bf790, 0x000001de7b1aa6e0, 0x000001de7b1aad50, 0x000001de7b643c70,
0x000001de7b845b90, 0x000001de7bc4a160, 0x000001de7b62d640, 0x000001de7b62bc00,
0x000001de7b62f080, 0x000001de7b62dcd0, 0x000001de7b62e360, 0x000001de7b62c920,
0x000001de7b62cfb0, 0x000001de7b62e9f0, 0x000001de7b62c290, 0x000001de7f1e3b70,
0x000001de7f1e4200, 0x000001de7f1e4f20, 0x000001de7f1e4890, 0x000001de7f1e62d0,
0x000001de7f1e55b0, 0x000001de7f1e6960, 0x000001de7f1e5c40, 0x000001de7f1e34e0,
0x000001de7f283c60, 0x000001de7f2856a0, 0x000001de7f284980, 0x000001de7f2842f0,
0x000001de7f285d30, 0x000001de7f285010, 0x000001de7f286a50, 0x000001de7f288490,
0x000001de7f2863c0, 0x000001de7f289ed0, 0x000001de7f289840, 0x000001de7f288b20,
0x000001de7f2870e0, 0x000001de7f2891b0, 0x000001de7f28a560, 0x000001de7f287e00,
0x000001de7f28abf0, 0x000001de7f287770, 0x000001de7f28b280, 0x000001de7f205ad0,
0x000001de7f206160, 0x000001de7f207ba0, 0x000001de7f206e80, 0x000001de7f207510,
0x000001de7bf45eb0, 0x000001de7f208230, 0x000001de7c56cac0, 0x000001de7ead4240,
0x000001de7ef4ef60, 0x000001de7bc70a10, 0x000001de7c5fb1c0, 0x000001de7b9bb990,
0x000001de00276870, 0x000001de7f204db0, 0x000001de00457a30, 0x000001de00459c40
}

Java Threads: ( => current thread )
  0x000001de1be1ddb0 JavaThread "main"                              [_thread_blocked, id=14400, stack(0x0000002c37900000,0x0000002c37a00000) (1024K)]
  0x000001de1bec83b0 JavaThread "Reference Handler"          daemon [_thread_blocked, id=4276, stack(0x0000002c37d00000,0x0000002c37e00000) (1024K)]
  0x000001de1bec9fc0 JavaThread "Finalizer"                  daemon [_thread_blocked, id=19484, stack(0x0000002c37e00000,0x0000002c37f00000) (1024K)]
  0x000001de1becc000 JavaThread "Signal Dispatcher"          daemon [_thread_blocked, id=23120, stack(0x0000002c37f00000,0x0000002c38000000) (1024K)]
  0x000001de1beccee0 JavaThread "Attach Listener"            daemon [_thread_blocked, id=10144, stack(0x0000002c38000000,0x0000002c38100000) (1024K)]
  0x000001de1bed0710 JavaThread "Service Thread"             daemon [_thread_blocked, id=26612, stack(0x0000002c38100000,0x0000002c38200000) (1024K)]
  0x000001de1beda470 JavaThread "Monitor Deflation Thread"   daemon [_thread_blocked, id=21904, stack(0x0000002c38200000,0x0000002c38300000) (1024K)]
=>0x000001de74c55490 JavaThread "C2 CompilerThread0"         daemon [_thread_in_native, id=35684, stack(0x0000002c38300000,0x0000002c38400000) (1024K)]
  0x000001de1bedda70 JavaThread "C1 CompilerThread0"         daemon [_thread_blocked, id=33556, stack(0x0000002c38400000,0x0000002c38500000) (1024K)]
  0x000001de74eb00d0 JavaThread "Common-Cleaner"             daemon [_thread_blocked, id=13264, stack(0x0000002c38800000,0x0000002c38900000) (1024K)]
  0x000001de76526af0 JavaThread "Notification Thread"        daemon [_thread_blocked, id=28224, stack(0x0000002c38700000,0x0000002c38800000) (1024K)]
  0x000001de76c81f90 JavaThread "Active Thread: Equinox Container: 13dbfc55-012d-4347-abf1-556c684ed6f9"        [_thread_blocked, id=21740, stack(0x0000002c39200000,0x0000002c39300000) (1024K)]
  0x000001de7b3bf790 JavaThread "Refresh Thread: Equinox Container: 13dbfc55-012d-4347-abf1-556c684ed6f9" daemon [_thread_blocked, id=35812, stack(0x0000002c38a00000,0x0000002c38b00000) (1024K)]
  0x000001de7b1aa6e0 JavaThread "Framework Event Dispatcher: Equinox Container: 13dbfc55-012d-4347-abf1-556c684ed6f9" daemon [_thread_blocked, id=16832, stack(0x0000002c38b00000,0x0000002c38c00000) (1024K)]
  0x000001de7b1aad50 JavaThread "Start Level: Equinox Container: 13dbfc55-012d-4347-abf1-556c684ed6f9" daemon [_thread_blocked, id=12332, stack(0x0000002c39400000,0x0000002c39500000) (1024K)]
  0x000001de7b643c70 JavaThread "Bundle File Closer"         daemon [_thread_blocked, id=17864, stack(0x0000002c39b00000,0x0000002c39c00000) (1024K)]
  0x000001de7b845b90 JavaThread "SCR Component Actor"        daemon [_thread_blocked, id=23080, stack(0x0000002c39500000,0x0000002c39600000) (1024K)]
  0x000001de7bc4a160 JavaThread "Worker-JM"                         [_thread_blocked, id=16332, stack(0x0000002c39c00000,0x0000002c39d00000) (1024K)]
  0x000001de7b62d640 JavaThread "JNA Cleaner"                daemon [_thread_blocked, id=18328, stack(0x0000002c39d00000,0x0000002c39e00000) (1024K)]
  0x000001de7b62bc00 JavaThread "Worker-0: Initialize workspace"        [_thread_blocked, id=14420, stack(0x0000002c39e00000,0x0000002c39f00000) (1024K)]
  0x000001de7b62f080 JavaThread "Worker-1"                          [_thread_blocked, id=17852, stack(0x0000002c39f00000,0x0000002c3a000000) (1024K)]
  0x000001de7b62dcd0 JavaThread "Java indexing"              daemon [_thread_blocked, id=17036, stack(0x0000002c3a300000,0x0000002c3a400000) (1024K)]
  0x000001de7b62e360 JavaThread "Worker-2"                          [_thread_blocked, id=27832, stack(0x0000002c3a400000,0x0000002c3a500000) (1024K)]
  0x000001de7b62c920 JavaThread "Worker-3"                          [_thread_blocked, id=26100, stack(0x0000002c3a700000,0x0000002c3a800000) (1024K)]
  0x000001de7b62cfb0 JavaThread "Worker-4: Initialize Workspace"        [_thread_blocked, id=464, stack(0x0000002c3a800000,0x0000002c3a900000) (1024K)]
  0x000001de7b62e9f0 JavaThread "Thread-1"                   daemon [_thread_in_native, id=25032, stack(0x0000002c3a900000,0x0000002c3aa00000) (1024K)]
  0x000001de7b62c290 JavaThread "Thread-2"                   daemon [_thread_in_native, id=33088, stack(0x0000002c3aa00000,0x0000002c3ab00000) (1024K)]
  0x000001de7f1e3b70 JavaThread "Thread-3"                   daemon [_thread_in_native, id=25800, stack(0x0000002c3ab00000,0x0000002c3ac00000) (1024K)]
  0x000001de7f1e4200 JavaThread "Thread-4"                   daemon [_thread_in_native, id=18788, stack(0x0000002c3ac00000,0x0000002c3ad00000) (1024K)]
  0x000001de7f1e4f20 JavaThread "Thread-5"                   daemon [_thread_in_native, id=14296, stack(0x0000002c3ad00000,0x0000002c3ae00000) (1024K)]
  0x000001de7f1e4890 JavaThread "Thread-6"                   daemon [_thread_in_native, id=25248, stack(0x0000002c3ae00000,0x0000002c3af00000) (1024K)]
  0x000001de7f1e62d0 JavaThread "Thread-7"                   daemon [_thread_in_native, id=8608, stack(0x0000002c3af00000,0x0000002c3b000000) (1024K)]
  0x000001de7f1e55b0 JavaThread "Thread-8"                   daemon [_thread_in_native, id=29908, stack(0x0000002c3b000000,0x0000002c3b100000) (1024K)]
  0x000001de7f1e6960 JavaThread "Thread-9"                   daemon [_thread_in_native, id=28800, stack(0x0000002c3b100000,0x0000002c3b200000) (1024K)]
  0x000001de7f1e5c40 JavaThread "Thread-10"                  daemon [_thread_in_native, id=27760, stack(0x0000002c3b200000,0x0000002c3b300000) (1024K)]
  0x000001de7f1e34e0 JavaThread "Thread-11"                  daemon [_thread_in_native, id=32776, stack(0x0000002c3b300000,0x0000002c3b400000) (1024K)]
  0x000001de7f283c60 JavaThread "Thread-12"                  daemon [_thread_in_native, id=27336, stack(0x0000002c3b400000,0x0000002c3b500000) (1024K)]
  0x000001de7f2856a0 JavaThread "Thread-13"                  daemon [_thread_in_native, id=11328, stack(0x0000002c3b500000,0x0000002c3b600000) (1024K)]
  0x000001de7f284980 JavaThread "Thread-14"                  daemon [_thread_in_native, id=33692, stack(0x0000002c3b600000,0x0000002c3b700000) (1024K)]
  0x000001de7f2842f0 JavaThread "Thread-15"                  daemon [_thread_in_native, id=19584, stack(0x0000002c3b700000,0x0000002c3b800000) (1024K)]
  0x000001de7f285d30 JavaThread "Thread-16"                  daemon [_thread_in_native, id=34428, stack(0x0000002c3b800000,0x0000002c3b900000) (1024K)]
  0x000001de7f285010 JavaThread "Thread-17"                  daemon [_thread_in_native, id=20484, stack(0x0000002c3b900000,0x0000002c3ba00000) (1024K)]
  0x000001de7f286a50 JavaThread "pool-2-thread-1"                   [_thread_blocked, id=29144, stack(0x0000002c3ba00000,0x0000002c3bb00000) (1024K)]
  0x000001de7f288490 JavaThread "WorkspaceEventsHandler"            [_thread_blocked, id=35092, stack(0x0000002c3bb00000,0x0000002c3bc00000) (1024K)]
  0x000001de7f2863c0 JavaThread "pool-1-thread-1"                   [_thread_blocked, id=22496, stack(0x0000002c3bc00000,0x0000002c3bd00000) (1024K)]
  0x000001de7f289ed0 JavaThread "ForkJoinPool.commonPool-worker-1" daemon [_thread_blocked, id=1424, stack(0x0000002c3bd00000,0x0000002c3be00000) (1024K)]
  0x000001de7f289840 JavaThread "ForkJoinPool.commonPool-worker-2" daemon [_thread_blocked, id=25456, stack(0x0000002c3be00000,0x0000002c3bf00000) (1024K)]
  0x000001de7f288b20 JavaThread "ForkJoinPool.commonPool-worker-3" daemon [_thread_blocked, id=16404, stack(0x0000002c3bf00000,0x0000002c3c000000) (1024K)]
  0x000001de7f2870e0 JavaThread "ForkJoinPool.commonPool-worker-4" daemon [_thread_blocked, id=19648, stack(0x0000002c3c000000,0x0000002c3c100000) (1024K)]
  0x000001de7f2891b0 JavaThread "ForkJoinPool.commonPool-worker-5" daemon [_thread_blocked, id=6576, stack(0x0000002c3c100000,0x0000002c3c200000) (1024K)]
  0x000001de7f28a560 JavaThread "ForkJoinPool.commonPool-worker-6" daemon [_thread_blocked, id=11832, stack(0x0000002c3c200000,0x0000002c3c300000) (1024K)]
  0x000001de7f287e00 JavaThread "ForkJoinPool.commonPool-worker-7" daemon [_thread_blocked, id=31736, stack(0x0000002c3c300000,0x0000002c3c400000) (1024K)]
  0x000001de7f28abf0 JavaThread "ForkJoinPool.commonPool-worker-8" daemon [_thread_blocked, id=33016, stack(0x0000002c3c400000,0x0000002c3c500000) (1024K)]
  0x000001de7f287770 JavaThread "ForkJoinPool.commonPool-worker-9" daemon [_thread_blocked, id=11908, stack(0x0000002c3c500000,0x0000002c3c600000) (1024K)]
  0x000001de7f28b280 JavaThread "ForkJoinPool.commonPool-worker-10" daemon [_thread_blocked, id=31096, stack(0x0000002c3c600000,0x0000002c3c700000) (1024K)]
  0x000001de7f205ad0 JavaThread "ForkJoinPool.commonPool-worker-11" daemon [_thread_blocked, id=29188, stack(0x0000002c3c700000,0x0000002c3c800000) (1024K)]
  0x000001de7f206160 JavaThread "ForkJoinPool.commonPool-worker-12" daemon [_thread_blocked, id=23148, stack(0x0000002c3c800000,0x0000002c3c900000) (1024K)]
  0x000001de7f207ba0 JavaThread "ForkJoinPool.commonPool-worker-13" daemon [_thread_blocked, id=18388, stack(0x0000002c3c900000,0x0000002c3ca00000) (1024K)]
  0x000001de7f206e80 JavaThread "ForkJoinPool.commonPool-worker-14" daemon [_thread_blocked, id=15548, stack(0x0000002c3ca00000,0x0000002c3cb00000) (1024K)]
  0x000001de7f207510 JavaThread "ForkJoinPool.commonPool-worker-15" daemon [_thread_blocked, id=5876, stack(0x0000002c3cb00000,0x0000002c3cc00000) (1024K)]
  0x000001de7bf45eb0 JavaThread "C1 CompilerThread1"         daemon [_thread_blocked, id=21064, stack(0x0000002c38500000,0x0000002c38600000) (1024K)]
  0x000001de7f208230 JavaThread "Timer-0"                           [_thread_blocked, id=5200, stack(0x0000002c3a000000,0x0000002c3a100000) (1024K)]
  0x000001de7c56cac0 JavaThread "C2 CompilerThread1"         daemon [_thread_in_native, id=25904, stack(0x0000002c38600000,0x0000002c38700000) (1024K)]
  0x000001de7ead4240 JavaThread "C1 CompilerThread2"         daemon [_thread_blocked, id=27472, stack(0x0000002c38900000,0x0000002c38a00000) (1024K)]
  0x000001de7ef4ef60 JavaThread "C1 CompilerThread3"         daemon [_thread_blocked, id=13472, stack(0x0000002c3a100000,0x0000002c3a200000) (1024K)]
  0x000001de7bc70a10 JavaThread "C2 CompilerThread2"         daemon [_thread_in_native, id=19672, stack(0x0000002c3a200000,0x0000002c3a300000) (1024K)]
  0x000001de7c5fb1c0 JavaThread "C2 CompilerThread3"         daemon [_thread_in_native, id=3576, stack(0x0000002c3cc00000,0x0000002c3cd00000) (1024K)]
  0x000001de7b9bb990 JavaThread "C2 CompilerThread4"         daemon [_thread_blocked, id=8320, stack(0x0000002c3cd00000,0x0000002c3ce00000) (1024K)]
  0x000001de00276870 JavaThread "C2 CompilerThread5"         daemon [_thread_blocked, id=28936, stack(0x0000002c3ce00000,0x0000002c3cf00000) (1024K)]
  0x000001de7f204db0 JavaThread "Worker-5"                          [_thread_blocked, id=17232, stack(0x0000002c3cf00000,0x0000002c3d000000) (1024K)]
  0x000001de00457a30 JavaThread "C2 CompilerThread6"         daemon [_thread_in_native, id=25552, stack(0x0000002c3d000000,0x0000002c3d100000) (1024K)]
  0x000001de00459c40 JavaThread "C2 CompilerThread7"         daemon [_thread_in_native, id=33536, stack(0x0000002c3d100000,0x0000002c3d200000) (1024K)]
Total: 72

Other Threads:
  0x000001de1bec3b30 VMThread "VM Thread"                           [id=11860, stack(0x0000002c37c00000,0x0000002c37d00000) (1024K)]
  0x000001de1bcaca00 WatcherThread "VM Periodic Task Thread"        [id=19920, stack(0x0000002c37b00000,0x0000002c37c00000) (1024K)]
  0x000001de1be3c120 WorkerThread "GC Thread#0"                     [id=22992, stack(0x0000002c37a00000,0x0000002c37b00000) (1024K)]
  0x000001de76bfac20 WorkerThread "GC Thread#1"                     [id=1480, stack(0x0000002c38c00000,0x0000002c38d00000) (1024K)]
  0x000001de76cbf4c0 WorkerThread "GC Thread#2"                     [id=3852, stack(0x0000002c38d00000,0x0000002c38e00000) (1024K)]
  0x000001de76cbf870 WorkerThread "GC Thread#3"                     [id=13840, stack(0x0000002c38e00000,0x0000002c38f00000) (1024K)]
  0x000001de76cbfc20 WorkerThread "GC Thread#4"                     [id=21240, stack(0x0000002c38f00000,0x0000002c39000000) (1024K)]
  0x000001de76cbffd0 WorkerThread "GC Thread#5"                     [id=30152, stack(0x0000002c39000000,0x0000002c39100000) (1024K)]
  0x000001de76cc0380 WorkerThread "GC Thread#6"                     [id=30452, stack(0x0000002c39100000,0x0000002c39200000) (1024K)]
  0x000001de7b3d77b0 WorkerThread "GC Thread#7"                     [id=35728, stack(0x0000002c39300000,0x0000002c39400000) (1024K)]
  0x000001de7b4aea60 WorkerThread "GC Thread#8"                     [id=11940, stack(0x0000002c39800000,0x0000002c39900000) (1024K)]
  0x000001de7b50ab20 WorkerThread "GC Thread#9"                     [id=35560, stack(0x0000002c39900000,0x0000002c39a00000) (1024K)]
  0x000001de7b50aed0 WorkerThread "GC Thread#10"                    [id=21644, stack(0x0000002c39a00000,0x0000002c39b00000) (1024K)]
  0x000001de7bb522c0 WorkerThread "GC Thread#11"                    [id=27176, stack(0x0000002c39600000,0x0000002c39700000) (1024K)]
  0x000001de7bb538e0 WorkerThread "GC Thread#12"                    [id=35376, stack(0x0000002c39700000,0x0000002c39800000) (1024K)]
Total: 15

Threads with active compile tasks:
C2 CompilerThread0  50729 11276       4       org.eclipse.jdt.internal.compiler.parser.Scanner::internalScanIdentifierOrKeyword (5041 bytes)
C2 CompilerThread1  50730 10741 % !   4       org.eclipse.jdt.internal.core.JarPackageFragmentRoot::computeChildren @ 247 (606 bytes)
C1 CompilerThread3  50730 11461       3       org.eclipse.core.internal.resources.ProjectPreferences::nodeExists (124 bytes)
C2 CompilerThread2  50730 11233       4       org.eclipse.aether.util.graph.transformer.ConflictResolver::gatherConflictItems (111 bytes)
C2 CompilerThread3  50731 11124   !   4       org.codehaus.plexus.interpolation.StringSearchInterpolator::interpolate (692 bytes)
C2 CompilerThread4  50731 11382       4       jdk.nio.zipfs.ZipFileSystem::makeParentDirs (133 bytes)
C2 CompilerThread5  50731 11383       4       jdk.nio.zipfs.ZipFileSystem$ParentLookup::equals (34 bytes)
C2 CompilerThread6  50732 11370       4       jdk.nio.zipfs.ZipFileSystem$IndexNode::<init> (113 bytes)
C2 CompilerThread7  50732 11438       4       java.lang.String::replace (42 bytes)
Total: 9

VM state: at safepoint (normal execution)

VM Mutex/Monitor currently owned by a thread:  ([mutex/lock_event])
[0x00007ff9e20ae560] Threads_lock - owner thread: 0x000001de1bec3b30
[0x00007ff9e20ae660] Heap_lock - owner thread: 0x000001de7f288b20
[0x00007ff9e20aeae0] PSOldGenExpand_lock - owner thread: 0x000001de1be3c120

Heap address: 0x0000000080000000, size: 2048 MB, Compressed Oops mode: 32-bit

CDS archive(s) mapped at: [0x000001de33000000-0x000001de33ba0000-0x000001de33ba0000), size 12189696, SharedBaseAddress: 0x000001de33000000, ArchiveRelocationMode: 1.
Compressed class space mapped at: 0x000001de34000000-0x000001de74000000, reserved size: 1073741824
Narrow klass base: 0x000001de33000000, Narrow klass shift: 0, Narrow klass range: 0x100000000

GC Precious Log:
 CardTable entry size: 512
 CPUs: 16 total, 16 available
 Memory: 16202M
 Large Page Support: Disabled
 NUMA Support: Disabled
 Compressed Oops: Enabled (32-bit)
 Alignments: Space 512K, Generation 512K, Heap 2M
 Heap Min Capacity: 100M
 Heap Initial Capacity: 100M
 Heap Max Capacity: 2G
 Pre-touch: Disabled
 Parallel Workers: 13

Heap:
 PSYoungGen      total 13312K, used 13296K [0x00000000d5580000, 0x00000000d7580000, 0x0000000100000000)
  eden space 12288K, 100% used [0x00000000d5580000,0x00000000d6180000,0x00000000d6180000)
  from space 1024K, 98% used [0x00000000d6880000,0x00000000d697c248,0x00000000d6980000)
  to   space 7168K, 0% used [0x00000000d6180000,0x00000000d6188000,0x00000000d6880000)
 ParOldGen       total 104960K, used 104955K [0x0000000080000000, 0x0000000086680000, 0x00000000d5580000)
  object space 104960K, 99% used [0x0000000080000000,0x000000008667ef30,0x0000000086680000)
 Metaspace       used 63453K, committed 65088K, reserved 1114112K
  class space    used 7267K, committed 8000K, reserved 1048576K

Card table byte_map: [0x000001de1b7c0000,0x000001de1bbd0000] _byte_map_base: 0x000001de1b3c0000

Marking Bits: (ParMarkBitMap*) 0x00007ff9e20b3450
 Begin Bits: [0x000001de2e2d0000, 0x000001de302d0000)
 End Bits:   [0x000001de302d0000, 0x000001de322d0000)

Polling page: 0x000001de19c70000

Metaspace:

Usage:
  Non-class:     54.87 MB used.
      Class:      7.10 MB used.
       Both:     61.97 MB used.

Virtual space:
  Non-class space:       64.00 MB reserved,      55.75 MB ( 87%) committed,  1 nodes.
      Class space:        1.00 GB reserved,       7.81 MB ( <1%) committed,  1 nodes.
             Both:        1.06 GB reserved,      63.56 MB (  6%) committed. 

Chunk freelists:
   Non-Class:  8.02 MB
       Class:  8.22 MB
        Both:  16.23 MB

MaxMetaspaceSize: unlimited
CompressedClassSpaceSize: 1.00 GB
Initial GC threshold: 21.00 MB
Current GC threshold: 97.31 MB
CDS: on
 - commit_granule_bytes: 65536.
 - commit_granule_words: 8192.
 - virtual_space_node_default_size: 8388608.
 - enlarge_chunks_in_place: 1.
 - use_allocation_guard: 0.


Internal statistics:

num_allocs_failed_limit: 9.
num_arena_births: 1278.
num_arena_deaths: 14.
num_vsnodes_births: 2.
num_vsnodes_deaths: 0.
num_space_committed: 1017.
num_space_uncommitted: 0.
num_chunks_returned_to_freelist: 23.
num_chunks_taken_from_freelist: 4229.
num_chunk_merges: 12.
num_chunk_splits: 2633.
num_chunks_enlarged: 1520.
num_inconsistent_stats: 0.

CodeHeap 'non-profiled nmethods': size=119168Kb used=6751Kb max_used=6751Kb free=112416Kb
 bounds [0x000001de26bc0000, 0x000001de27260000, 0x000001de2e020000]
CodeHeap 'profiled nmethods': size=119104Kb used=23507Kb max_used=23507Kb free=95596Kb
 bounds [0x000001de1f020000, 0x000001de20720000, 0x000001de26470000]
CodeHeap 'non-nmethods': size=7488Kb used=3089Kb max_used=3175Kb free=4398Kb
 bounds [0x000001de26470000, 0x000001de267a0000, 0x000001de26bc0000]
CodeCache: size=245760Kb, used=33347Kb, max_used=33433Kb, free=212410Kb
 total_blobs=11361, nmethods=10654, adapters=610, full_count=0
Compilation: enabled, stopped_count=0, restarted_count=0

Compilation events (20 events):
Event: 47.643 Thread 0x000001de7ead4240 11395       3       java.util.function.Function::lambda$identity$2 (2 bytes)
Event: 47.644 Thread 0x000001de1bedda70 nmethod 11394 0x000001de206efb10 code [0x000001de206efcc0, 0x000001de206efe28]
Event: 47.644 Thread 0x000001de7ead4240 nmethod 11395 0x000001de206eff10 code [0x000001de206f00a0, 0x000001de206f0190]
Event: 47.644 Thread 0x000001de7ef4ef60 11400       3       jdk.nio.zipfs.ZipFileSystem$IndexNode::as (7 bytes)
Event: 47.644 Thread 0x000001de1bedda70 11398       1       jdk.nio.zipfs.ZipFileSystem::provider (5 bytes)
Event: 47.645 Thread 0x000001de7ead4240 11396       3       java.util.concurrent.locks.ReentrantReadWriteLock$WriteLock::lock (9 bytes)
Event: 47.645 Thread 0x000001de1bedda70 nmethod 11398 0x000001de2724d890 code [0x000001de2724da20, 0x000001de2724dae8]
Event: 47.645 Thread 0x000001de7bf45eb0 nmethod 11393 0x000001de206f0210 code [0x000001de206f04e0, 0x000001de206f1320]
Event: 47.645 Thread 0x000001de7ef4ef60 nmethod 11400 0x000001de206f1910 code [0x000001de206f1ac0, 0x000001de206f1c88]
Event: 47.645 Thread 0x000001de7ead4240 nmethod 11396 0x000001de206f1d90 code [0x000001de206f1f40, 0x000001de206f2088]
Event: 47.645 Thread 0x000001de1bedda70 11397       3       java.util.concurrent.locks.ReentrantReadWriteLock$Sync::tryAcquire (92 bytes)
Event: 47.646 Thread 0x000001de7ef4ef60 11399       1       jdk.nio.zipfs.ZipFileSystem$IndexNode::isDir (5 bytes)
Event: 47.646 Thread 0x000001de7ef4ef60 nmethod 11399 0x000001de2724db90 code [0x000001de2724dd20, 0x000001de2724ddf0]
Event: 47.647 Thread 0x000001de7ead4240 11401       3       jdk.nio.zipfs.ZipPath::getResolved (62 bytes)
Event: 47.647 Thread 0x000001de7ef4ef60 11403       3       jdk.nio.zipfs.ZipPath::getFileSystem (5 bytes)
Event: 47.647 Thread 0x000001de1bedda70 nmethod 11397 0x000001de206f2190 code [0x000001de206f23a0, 0x000001de206f29b8]
Event: 47.648 Thread 0x000001de7ef4ef60 nmethod 11403 0x000001de206f2b90 code [0x000001de206f2d20, 0x000001de206f2e40]
Event: 47.648 Thread 0x000001de1bedda70 11404       3       jdk.nio.zipfs.ZipFileSystem::beginRead (15 bytes)
Event: 47.648 Thread 0x000001de7ef4ef60 11405       3       jdk.nio.zipfs.ZipFileSystem::endRead (15 bytes)
Event: 48.646 Thread 0x000001de7bf45eb0 11402       3       jdk.nio.zipfs.ZipFileSystem::ensureOpen (16 bytes)

GC Heap History (20 events):
Event: 45.876 GC heap before
{Heap before GC invocations=82 (full 3):
 PSYoungGen      total 19968K, used 19968K [0x00000000d5580000, 0x00000000d6b80000, 0x0000000100000000)
  eden space 19456K, 100% used [0x00000000d5580000,0x00000000d6880000,0x00000000d6880000)
  from space 512K, 100% used [0x00000000d6a00000,0x00000000d6a80000,0x00000000d6a80000)
  to   space 1536K, 0% used [0x00000000d6880000,0x00000000d6880000,0x00000000d6a00000)
 ParOldGen       total 93696K, used 93566K [0x0000000080000000, 0x0000000085b80000, 0x00000000d5580000)
  object space 93696K, 99% used [0x0000000080000000,0x0000000085b5f8b0,0x0000000085b80000)
 Metaspace       used 62393K, committed 64064K, reserved 1114112K
  class space    used 7198K, committed 7936K, reserved 1048576K
}
Event: 45.881 GC heap after
{Heap after GC invocations=82 (full 3):
 PSYoungGen      total 20992K, used 1536K [0x00000000d5580000, 0x00000000d6d80000, 0x0000000100000000)
  eden space 19456K, 0% used [0x00000000d5580000,0x00000000d5580000,0x00000000d6880000)
  from space 1536K, 100% used [0x00000000d6880000,0x00000000d6a00000,0x00000000d6a00000)
  to   space 2560K, 0% used [0x00000000d6b00000,0x00000000d6b00000,0x00000000d6d80000)
 ParOldGen       total 94208K, used 93986K [0x0000000080000000, 0x0000000085c00000, 0x00000000d5580000)
  object space 94208K, 99% used [0x0000000080000000,0x0000000085bc88c0,0x0000000085c00000)
 Metaspace       used 62393K, committed 64064K, reserved 1114112K
  class space    used 7198K, committed 7936K, reserved 1048576K
}
Event: 45.933 GC heap before
{Heap before GC invocations=83 (full 3):
 PSYoungGen      total 20992K, used 20992K [0x00000000d5580000, 0x00000000d6d80000, 0x0000000100000000)
  eden space 19456K, 100% used [0x00000000d5580000,0x00000000d6880000,0x00000000d6880000)
  from space 1536K, 100% used [0x00000000d6880000,0x00000000d6a00000,0x00000000d6a00000)
  to   space 2560K, 0% used [0x00000000d6b00000,0x00000000d6b00000,0x00000000d6d80000)
 ParOldGen       total 94208K, used 93986K [0x0000000080000000, 0x0000000085c00000, 0x00000000d5580000)
  object space 94208K, 99% used [0x0000000080000000,0x0000000085bc88c0,0x0000000085c00000)
 Metaspace       used 62445K, committed 64064K, reserved 1114112K
  class space    used 7198K, committed 7936K, reserved 1048576K
}
Event: 45.937 GC heap after
{Heap after GC invocations=83 (full 3):
 PSYoungGen      total 20480K, used 928K [0x00000000d5580000, 0x00000000d6c00000, 0x0000000100000000)
  eden space 19456K, 0% used [0x00000000d5580000,0x00000000d5580000,0x00000000d6880000)
  from space 1024K, 90% used [0x00000000d6b00000,0x00000000d6be8000,0x00000000d6c00000)
  to   space 1536K, 0% used [0x00000000d6900000,0x00000000d6900000,0x00000000d6a80000)
 ParOldGen       total 95232K, used 95222K [0x0000000080000000, 0x0000000085d00000, 0x00000000d5580000)
  object space 95232K, 99% used [0x0000000080000000,0x0000000085cfd8d0,0x0000000085d00000)
 Metaspace       used 62445K, committed 64064K, reserved 1114112K
  class space    used 7198K, committed 7936K, reserved 1048576K
}
Event: 45.977 GC heap before
{Heap before GC invocations=84 (full 3):
 PSYoungGen      total 20480K, used 20384K [0x00000000d5580000, 0x00000000d6c00000, 0x0000000100000000)
  eden space 19456K, 100% used [0x00000000d5580000,0x00000000d6880000,0x00000000d6880000)
  from space 1024K, 90% used [0x00000000d6b00000,0x00000000d6be8000,0x00000000d6c00000)
  to   space 1536K, 0% used [0x00000000d6900000,0x00000000d6900000,0x00000000d6a80000)
 ParOldGen       total 95232K, used 95222K [0x0000000080000000, 0x0000000085d00000, 0x00000000d5580000)
  object space 95232K, 99% used [0x0000000080000000,0x0000000085cfd8d0,0x0000000085d00000)
 Metaspace       used 62479K, committed 64128K, reserved 1114112K
  class space    used 7199K, committed 7936K, reserved 1048576K
}
Event: 45.980 GC heap after
{Heap after GC invocations=84 (full 3):
 PSYoungGen      total 20992K, used 864K [0x00000000d5580000, 0x00000000d6b80000, 0x0000000100000000)
  eden space 19456K, 0% used [0x00000000d5580000,0x00000000d5580000,0x00000000d6880000)
  from space 1536K, 56% used [0x00000000d6900000,0x00000000d69d8000,0x00000000d6a80000)
  to   space 1024K, 0% used [0x00000000d6a80000,0x00000000d6a80000,0x00000000d6b80000)
 ParOldGen       total 95744K, used 95718K [0x0000000080000000, 0x0000000085d80000, 0x00000000d5580000)
  object space 95744K, 99% used [0x0000000080000000,0x0000000085d798d0,0x0000000085d80000)
 Metaspace       used 62479K, committed 64128K, reserved 1114112K
  class space    used 7199K, committed 7936K, reserved 1048576K
}
Event: 46.020 GC heap before
{Heap before GC invocations=85 (full 3):
 PSYoungGen      total 20992K, used 20320K [0x00000000d5580000, 0x00000000d6b80000, 0x0000000100000000)
  eden space 19456K, 100% used [0x00000000d5580000,0x00000000d6880000,0x00000000d6880000)
  from space 1536K, 56% used [0x00000000d6900000,0x00000000d69d8000,0x00000000d6a80000)
  to   space 1024K, 0% used [0x00000000d6a80000,0x00000000d6a80000,0x00000000d6b80000)
 ParOldGen       total 95744K, used 95718K [0x0000000080000000, 0x0000000085d80000, 0x00000000d5580000)
  object space 95744K, 99% used [0x0000000080000000,0x0000000085d798d0,0x0000000085d80000)
 Metaspace       used 62543K, committed 64192K, reserved 1114112K
  class space    used 7200K, committed 7936K, reserved 1048576K
}
Event: 46.023 GC heap after
{Heap after GC invocations=85 (full 3):
 PSYoungGen      total 20480K, used 1024K [0x00000000d5580000, 0x00000000d6c80000, 0x0000000100000000)
  eden space 19456K, 0% used [0x00000000d5580000,0x00000000d5580000,0x00000000d6880000)
  from space 1024K, 100% used [0x00000000d6a80000,0x00000000d6b80000,0x00000000d6b80000)
  to   space 2048K, 0% used [0x00000000d6880000,0x00000000d6880000,0x00000000d6a80000)
 ParOldGen       total 96256K, used 96238K [0x0000000080000000, 0x0000000085e00000, 0x00000000d5580000)
  object space 96256K, 99% used [0x0000000080000000,0x0000000085dfb8d0,0x0000000085e00000)
 Metaspace       used 62543K, committed 64192K, reserved 1114112K
  class space    used 7200K, committed 7936K, reserved 1048576K
}
Event: 46.057 GC heap before
{Heap before GC invocations=86 (full 3):
 PSYoungGen      total 20480K, used 19925K [0x00000000d5580000, 0x00000000d6c80000, 0x0000000100000000)
  eden space 19456K, 97% used [0x00000000d5580000,0x00000000d67f5690,0x00000000d6880000)
  from space 1024K, 100% used [0x00000000d6a80000,0x00000000d6b80000,0x00000000d6b80000)
  to   space 2048K, 0% used [0x00000000d6880000,0x00000000d6880000,0x00000000d6a80000)
 ParOldGen       total 96256K, used 96238K [0x0000000080000000, 0x0000000085e00000, 0x00000000d5580000)
  object space 96256K, 99% used [0x0000000080000000,0x0000000085dfb8d0,0x0000000085e00000)
 Metaspace       used 62567K, committed 64192K, reserved 1114112K
  class space    used 7200K, committed 7936K, reserved 1048576K
}
Event: 46.060 GC heap after
{Heap after GC invocations=86 (full 3):
 PSYoungGen      total 20480K, used 640K [0x00000000d5580000, 0x00000000d6b00000, 0x0000000100000000)
  eden space 19456K, 0% used [0x00000000d5580000,0x00000000d5580000,0x00000000d6880000)
  from space 1024K, 62% used [0x00000000d6880000,0x00000000d6920000,0x00000000d6980000)
  to   space 1024K, 0% used [0x00000000d6a00000,0x00000000d6a00000,0x00000000d6b00000)
 ParOldGen       total 97280K, used 96926K [0x0000000080000000, 0x0000000085f00000, 0x00000000d5580000)
  object space 97280K, 99% used [0x0000000080000000,0x0000000085ea78d0,0x0000000085f00000)
 Metaspace       used 62567K, committed 64192K, reserved 1114112K
  class space    used 7200K, committed 7936K, reserved 1048576K
}
Event: 46.135 GC heap before
{Heap before GC invocations=87 (full 3):
 PSYoungGen      total 20480K, used 20096K [0x00000000d5580000, 0x00000000d6b00000, 0x0000000100000000)
  eden space 19456K, 100% used [0x00000000d5580000,0x00000000d6880000,0x00000000d6880000)
  from space 1024K, 62% used [0x00000000d6880000,0x00000000d6920000,0x00000000d6980000)
  to   space 1024K, 0% used [0x00000000d6a00000,0x00000000d6a00000,0x00000000d6b00000)
 ParOldGen       total 97280K, used 96926K [0x0000000080000000, 0x0000000085f00000, 0x00000000d5580000)
  object space 97280K, 99% used [0x0000000080000000,0x0000000085ea78d0,0x0000000085f00000)
 Metaspace       used 62602K, committed 64256K, reserved 1114112K
  class space    used 7200K, committed 7936K, reserved 1048576K
}
Event: 46.138 GC heap after
{Heap after GC invocations=87 (full 3):
 PSYoungGen      total 19456K, used 1024K [0x00000000d5580000, 0x00000000d6d80000, 0x0000000100000000)
  eden space 18432K, 0% used [0x00000000d5580000,0x00000000d5580000,0x00000000d6780000)
  from space 1024K, 100% used [0x00000000d6a00000,0x00000000d6b00000,0x00000000d6b00000)
  to   space 2560K, 0% used [0x00000000d6780000,0x00000000d6780000,0x00000000d6a00000)
 ParOldGen       total 98304K, used 98030K [0x0000000080000000, 0x0000000086000000, 0x00000000d5580000)
  object space 98304K, 99% used [0x0000000080000000,0x0000000085fbb8d0,0x0000000086000000)
 Metaspace       used 62602K, committed 64256K, reserved 1114112K
  class space    used 7200K, committed 7936K, reserved 1048576K
}
Event: 46.191 GC heap before
{Heap before GC invocations=88 (full 3):
 PSYoungGen      total 19456K, used 19456K [0x00000000d5580000, 0x00000000d6d80000, 0x0000000100000000)
  eden space 18432K, 100% used [0x00000000d5580000,0x00000000d6780000,0x00000000d6780000)
  from space 1024K, 100% used [0x00000000d6a00000,0x00000000d6b00000,0x00000000d6b00000)
  to   space 2560K, 0% used [0x00000000d6780000,0x00000000d6780000,0x00000000d6a00000)
 ParOldGen       total 98304K, used 98030K [0x0000000080000000, 0x0000000086000000, 0x00000000d5580000)
  object space 98304K, 99% used [0x0000000080000000,0x0000000085fbb8d0,0x0000000086000000)
 Metaspace       used 62641K, committed 64256K, reserved 1114112K
  class space    used 7200K, committed 7936K, reserved 1048576K
}
Event: 46.195 GC heap after
{Heap after GC invocations=88 (full 3):
 PSYoungGen      total 19456K, used 672K [0x00000000d5580000, 0x00000000d6a80000, 0x0000000100000000)
  eden space 18432K, 0% used [0x00000000d5580000,0x00000000d5580000,0x00000000d6780000)
  from space 1024K, 65% used [0x00000000d6780000,0x00000000d6828000,0x00000000d6880000)
  to   space 1536K, 0% used [0x00000000d6900000,0x00000000d6900000,0x00000000d6a80000)
 ParOldGen       total 99328K, used 98967K [0x0000000080000000, 0x0000000086100000, 0x00000000d5580000)
  object space 99328K, 99% used [0x0000000080000000,0x00000000860a5ff8,0x0000000086100000)
 Metaspace       used 62641K, committed 64256K, reserved 1114112K
  class space    used 7200K, committed 7936K, reserved 1048576K
}
Event: 46.257 GC heap before
{Heap before GC invocations=89 (full 3):
 PSYoungGen      total 19456K, used 19104K [0x00000000d5580000, 0x00000000d6a80000, 0x0000000100000000)
  eden space 18432K, 100% used [0x00000000d5580000,0x00000000d6780000,0x00000000d6780000)
  from space 1024K, 65% used [0x00000000d6780000,0x00000000d6828000,0x00000000d6880000)
  to   space 1536K, 0% used [0x00000000d6900000,0x00000000d6900000,0x00000000d6a80000)
 ParOldGen       total 99328K, used 98967K [0x0000000080000000, 0x0000000086100000, 0x00000000d5580000)
  object space 99328K, 99% used [0x0000000080000000,0x00000000860a5ff8,0x0000000086100000)
 Metaspace       used 62697K, committed 64320K, reserved 1114112K
  class space    used 7202K, committed 7936K, reserved 1048576K
}
Event: 46.260 GC heap after
{Heap after GC invocations=89 (full 3):
 PSYoungGen      total 19456K, used 576K [0x00000000d5580000, 0x00000000d6a00000, 0x0000000100000000)
  eden space 18432K, 0% used [0x00000000d5580000,0x00000000d5580000,0x00000000d6780000)
  from space 1024K, 56% used [0x00000000d6900000,0x00000000d6990000,0x00000000d6a00000)
  to   space 1024K, 0% used [0x00000000d6780000,0x00000000d6780000,0x00000000d6880000)
 ParOldGen       total 99840K, used 99391K [0x0000000080000000, 0x0000000086180000, 0x00000000d5580000)
  object space 99840K, 99% used [0x0000000080000000,0x000000008610fff8,0x0000000086180000)
 Metaspace       used 62697K, committed 64320K, reserved 1114112K
  class space    used 7202K, committed 7936K, reserved 1048576K
}
Event: 46.342 GC heap before
{Heap before GC invocations=90 (full 3):
 PSYoungGen      total 19456K, used 19008K [0x00000000d5580000, 0x00000000d6a00000, 0x0000000100000000)
  eden space 18432K, 100% used [0x00000000d5580000,0x00000000d6780000,0x00000000d6780000)
  from space 1024K, 56% used [0x00000000d6900000,0x00000000d6990000,0x00000000d6a00000)
  to   space 1024K, 0% used [0x00000000d6780000,0x00000000d6780000,0x00000000d6880000)
 ParOldGen       total 99840K, used 99391K [0x0000000080000000, 0x0000000086180000, 0x00000000d5580000)
  object space 99840K, 99% used [0x0000000080000000,0x000000008610fff8,0x0000000086180000)
 Metaspace       used 62746K, committed 64384K, reserved 1114112K
  class space    used 7203K, committed 7936K, reserved 1048576K
}
Event: 46.344 GC heap after
{Heap after GC invocations=90 (full 3):
 PSYoungGen      total 19456K, used 512K [0x00000000d5580000, 0x00000000d6980000, 0x0000000100000000)
  eden space 18432K, 0% used [0x00000000d5580000,0x00000000d5580000,0x00000000d6780000)
  from space 1024K, 50% used [0x00000000d6780000,0x00000000d6800000,0x00000000d6880000)
  to   space 1024K, 0% used [0x00000000d6880000,0x00000000d6880000,0x00000000d6980000)
 ParOldGen       total 99840K, used 99815K [0x0000000080000000, 0x0000000086180000, 0x00000000d5580000)
  object space 99840K, 99% used [0x0000000080000000,0x0000000086179ff8,0x0000000086180000)
 Metaspace       used 62746K, committed 64384K, reserved 1114112K
  class space    used 7203K, committed 7936K, reserved 1048576K
}
Event: 46.580 GC heap before
{Heap before GC invocations=91 (full 3):
 PSYoungGen      total 19456K, used 18944K [0x00000000d5580000, 0x00000000d6980000, 0x0000000100000000)
  eden space 18432K, 100% used [0x00000000d5580000,0x00000000d6780000,0x00000000d6780000)
  from space 1024K, 50% used [0x00000000d6780000,0x00000000d6800000,0x00000000d6880000)
  to   space 1024K, 0% used [0x00000000d6880000,0x00000000d6880000,0x00000000d6980000)
 ParOldGen       total 99840K, used 99815K [0x0000000080000000, 0x0000000086180000, 0x00000000d5580000)
  object space 99840K, 99% used [0x0000000080000000,0x0000000086179ff8,0x0000000086180000)
 Metaspace       used 63207K, committed 64896K, reserved 1114112K
  class space    used 7242K, committed 8000K, reserved 1048576K
}
Event: 47.205 GC heap after
{Heap after GC invocations=91 (full 3):
 PSYoungGen      total 13312K, used 1008K [0x00000000d5580000, 0x00000000d7580000, 0x0000000100000000)
  eden space 12288K, 0% used [0x00000000d5580000,0x00000000d5580000,0x00000000d6180000)
  from space 1024K, 98% used [0x00000000d6880000,0x00000000d697c248,0x00000000d6980000)
  to   space 7168K, 0% used [0x00000000d6180000,0x00000000d6180000,0x00000000d6880000)
 ParOldGen       total 104960K, used 104867K [0x0000000080000000, 0x0000000086680000, 0x00000000d5580000)
  object space 104960K, 99% used [0x0000000080000000,0x0000000086668f30,0x0000000086680000)
 Metaspace       used 63207K, committed 64896K, reserved 1114112K
  class space    used 7242K, committed 8000K, reserved 1048576K
}

Dll operation events (13 events):
Event: 0.026 Loaded shared library c:\Users\caren\.vscode\extensions\redhat.java-1.54.0-win32-x64\jre\21.0.10-win32-x86_64\bin\java.dll
Event: 0.202 Loaded shared library c:\Users\caren\.vscode\extensions\redhat.java-1.54.0-win32-x64\jre\21.0.10-win32-x86_64\bin\zip.dll
Event: 0.251 Loaded shared library C:\Users\caren\.vscode\extensions\redhat.java-1.54.0-win32-x64\jre\21.0.10-win32-x86_64\bin\instrument.dll
Event: 0.265 Loaded shared library C:\Users\caren\.vscode\extensions\redhat.java-1.54.0-win32-x64\jre\21.0.10-win32-x86_64\bin\net.dll
Event: 0.272 Loaded shared library C:\Users\caren\.vscode\extensions\redhat.java-1.54.0-win32-x64\jre\21.0.10-win32-x86_64\bin\nio.dll
Event: 0.282 Loaded shared library C:\Users\caren\.vscode\extensions\redhat.java-1.54.0-win32-x64\jre\21.0.10-win32-x86_64\bin\zip.dll
Event: 0.334 Loaded shared library C:\Users\caren\.vscode\extensions\redhat.java-1.54.0-win32-x64\jre\21.0.10-win32-x86_64\bin\jimage.dll
Event: 0.587 Loaded shared library c:\Users\caren\.vscode\extensions\redhat.java-1.54.0-win32-x64\jre\21.0.10-win32-x86_64\bin\verify.dll
Event: 3.881 Loaded shared library C:\Users\caren\AppData\Roaming\Code\User\globalStorage\redhat.java\1.54.0\config_win\org.eclipse.equinox.launcher\org.eclipse.equinox.launcher.win32.win32.x86_64_1.3.0.v20260203-2149\eclipse_11919.dll
Event: 8.900 Loaded shared library C:\Users\caren\AppData\Local\Temp\jna-94431101\jna13426827732736484820.dll
Event: 35.839 Loaded shared library C:\Users\caren\.gradle\native\1def1411415f61bf3af743bc5b6707747c0891f09f0c88961ee8f79bc544acac\windows-amd64\native-platform.dll
Event: 38.362 Loaded shared library C:\Users\caren\.vscode\extensions\redhat.java-1.54.0-win32-x64\jre\21.0.10-win32-x86_64\bin\management.dll
Event: 38.369 Loaded shared library C:\Users\caren\.vscode\extensions\redhat.java-1.54.0-win32-x64\jre\21.0.10-win32-x86_64\bin\management_ext.dll

Deoptimization events (20 events):
Event: 47.637 Thread 0x000001de7f206160 Uncommon trap: trap_request=0xffffffbe fr.pc=0x000001de26e37250 relative=0x0000000000001290
Event: 47.637 Thread 0x000001de7f206160 Uncommon trap: reason=profile_predicate action=maybe_recompile pc=0x000001de26e37250 method=java.util.zip.InflaterInputStream.read([BII)I @ 37 c2
Event: 47.637 Thread 0x000001de7f206160 DEOPT PACKING pc=0x000001de26e37250 sp=0x0000002c3c8fd5b0
Event: 47.637 Thread 0x000001de7f206160 DEOPT UNPACKING pc=0x000001de264c3aa2 sp=0x0000002c3c8fd5e0 mode 2
Event: 47.638 Thread 0x000001de7f206160 Uncommon trap: trap_request=0xffffff45 fr.pc=0x000001de26d48944 relative=0x00000000000007a4
Event: 47.639 Thread 0x000001de7f206160 Uncommon trap: reason=unstable_if action=reinterpret pc=0x000001de26d48944 method=java.nio.file.FileTreeWalker.next()Ljava/nio/file/FileTreeWalker$Event; @ 26 c2
Event: 47.640 Thread 0x000001de7f206160 DEOPT PACKING pc=0x000001de26d48944 sp=0x0000002c3c8fdf60
Event: 47.640 Thread 0x000001de7f206160 DEOPT UNPACKING pc=0x000001de264c3aa2 sp=0x0000002c3c8fdef8 mode 2
Event: 47.642 Thread 0x000001de7f206160 Uncommon trap: trap_request=0xffffffbe fr.pc=0x000001de26e37250 relative=0x0000000000001290
Event: 47.642 Thread 0x000001de7f206160 Uncommon trap: reason=profile_predicate action=maybe_recompile pc=0x000001de26e37250 method=java.util.zip.InflaterInputStream.read([BII)I @ 37 c2
Event: 47.642 Thread 0x000001de7f206160 DEOPT PACKING pc=0x000001de26e37250 sp=0x0000002c3c8fd5b0
Event: 47.642 Thread 0x000001de7f206160 DEOPT UNPACKING pc=0x000001de264c3aa2 sp=0x0000002c3c8fd5e0 mode 2
Event: 47.643 Thread 0x000001de7f206160 Uncommon trap: trap_request=0xffffffbe fr.pc=0x000001de26e37250 relative=0x0000000000001290
Event: 47.643 Thread 0x000001de7f206160 Uncommon trap: reason=profile_predicate action=maybe_recompile pc=0x000001de26e37250 method=java.util.zip.InflaterInputStream.read([BII)I @ 37 c2
Event: 47.644 Thread 0x000001de7f206160 DEOPT PACKING pc=0x000001de26e37250 sp=0x0000002c3c8fd5b0
Event: 47.644 Thread 0x000001de7f206160 DEOPT UNPACKING pc=0x000001de264c3aa2 sp=0x0000002c3c8fd5e0 mode 2
Event: 47.645 Thread 0x000001de7f206160 Uncommon trap: trap_request=0xffffffbe fr.pc=0x000001de26e37250 relative=0x0000000000001290
Event: 47.645 Thread 0x000001de7f206160 Uncommon trap: reason=profile_predicate action=maybe_recompile pc=0x000001de26e37250 method=java.util.zip.InflaterInputStream.read([BII)I @ 37 c2
Event: 47.645 Thread 0x000001de7f206160 DEOPT PACKING pc=0x000001de26e37250 sp=0x0000002c3c8fd5b0
Event: 47.645 Thread 0x000001de7f206160 DEOPT UNPACKING pc=0x000001de264c3aa2 sp=0x0000002c3c8fd5e0 mode 2

Classes loaded (20 events):
Event: 41.748 Loading class java/nio/channels/Channels$ReadableByteChannelImpl
Event: 41.749 Loading class java/nio/channels/Channels$ReadableByteChannelImpl done
Event: 41.751 Loading class java/nio/channels/NonWritableChannelException
Event: 41.751 Loading class java/nio/channels/NonWritableChannelException done
Event: 42.428 Loading class java/lang/invoke/MethodHandleImpl$CountingWrapper$1
Event: 42.429 Loading class java/lang/invoke/MethodHandleImpl$CountingWrapper$1 done
Event: 42.903 Loading class java/util/stream/DistinctOps
Event: 42.903 Loading class java/util/stream/DistinctOps done
Event: 42.903 Loading class java/util/stream/DistinctOps$1
Event: 42.904 Loading class java/util/stream/DistinctOps$1 done
Event: 42.922 Loading class java/util/stream/DistinctOps$1$2
Event: 42.923 Loading class java/util/stream/DistinctOps$1$2 done
Event: 46.064 Loading class sun/nio/cs/ISO_8859_1$Decoder
Event: 46.065 Loading class sun/nio/cs/ISO_8859_1$Decoder done
Event: 46.412 Loading class java/nio/file/attribute/PosixFileAttributes
Event: 46.412 Loading class java/nio/file/attribute/PosixFileAttributes done
Event: 46.457 Loading class java/nio/file/attribute/PosixFileAttributeView
Event: 46.458 Loading class java/nio/file/attribute/PosixFileAttributeView done
Event: 47.617 Loading class java/nio/file/DirectoryIteratorException
Event: 47.617 Loading class java/nio/file/DirectoryIteratorException done

Classes unloaded (7 events):
Event: 10.001 Thread 0x000001de1bec3b30 Unloading class 0x000001de341af400 'java/lang/invoke/LambdaForm$MH+0x000001de341af400'
Event: 10.001 Thread 0x000001de1bec3b30 Unloading class 0x000001de341af000 'java/lang/invoke/LambdaForm$MH+0x000001de341af000'
Event: 10.001 Thread 0x000001de1bec3b30 Unloading class 0x000001de341aec00 'java/lang/invoke/LambdaForm$MH+0x000001de341aec00'
Event: 10.001 Thread 0x000001de1bec3b30 Unloading class 0x000001de341ae800 'java/lang/invoke/LambdaForm$MH+0x000001de341ae800'
Event: 10.001 Thread 0x000001de1bec3b30 Unloading class 0x000001de341ae400 'java/lang/invoke/LambdaForm$BMH+0x000001de341ae400'
Event: 10.001 Thread 0x000001de1bec3b30 Unloading class 0x000001de341ae000 'java/lang/invoke/LambdaForm$DMH+0x000001de341ae000'
Event: 10.001 Thread 0x000001de1bec3b30 Unloading class 0x000001de341acc00 'java/lang/invoke/LambdaForm$DMH+0x000001de341acc00'

Classes redefined (0 events):
No events

Internal exceptions (20 events):
Event: 44.323 Thread 0x000001de7b62e360 Exception <a 'sun/nio/fs/WindowsException'{0x00000000d612bfc0}> (0x00000000d612bfc0) 
thrown [s\src\hotspot\share\prims\jni.cpp, line 520]
Event: 44.323 Thread 0x000001de7b62e360 Exception <a 'sun/nio/fs/WindowsException'{0x00000000d612c5f0}> (0x00000000d612c5f0) 
thrown [s\src\hotspot\share\prims\jni.cpp, line 520]
Event: 44.325 Thread 0x000001de7b62e360 Exception <a 'sun/nio/fs/WindowsException'{0x00000000d61ed968}> (0x00000000d61ed968) 
thrown [s\src\hotspot\share\prims\jni.cpp, line 520]
Event: 44.325 Thread 0x000001de7b62e360 Exception <a 'sun/nio/fs/WindowsException'{0x00000000d61ee1c0}> (0x00000000d61ee1c0) 
thrown [s\src\hotspot\share\prims\jni.cpp, line 520]
Event: 45.106 Thread 0x000001de7f206160 Exception <a 'java/lang/IncompatibleClassChangeError'{0x00000000d55cc1d0}: Found class java.lang.Object, but interface was expected> (0x00000000d55cc1d0) 
thrown [s\src\hotspot\share\interpreter\linkResolver.cpp, line 840]
Event: 45.586 Thread 0x000001de7b62bc00 Exception <a 'java/lang/NoSuchMethodError'{0x00000000d6a11488}: 'void java.lang.invoke.DirectMethodHandle$Holder.invokeInterface(java.lang.Object, java.lang.Object)'> (0x00000000d6a11488) 
thrown [s\src\hotspot\share\interpreter\linkResolver.cpp, line 773]
Event: 46.515 Thread 0x000001de7b62bc00 Exception <a 'sun/nio/fs/WindowsException'{0x00000000d6419650}> (0x00000000d6419650) 
thrown [s\src\hotspot\share\prims\jni.cpp, line 520]
Event: 46.515 Thread 0x000001de7b62bc00 Exception <a 'sun/nio/fs/WindowsException'{0x00000000d641a158}> (0x00000000d641a158) 
thrown [s\src\hotspot\share\prims\jni.cpp, line 520]
Event: 46.517 Thread 0x000001de7b62bc00 Exception <a 'sun/nio/fs/WindowsException'{0x00000000d641b980}> (0x00000000d641b980) 
thrown [s\src\hotspot\share\prims\jni.cpp, line 520]
Event: 46.517 Thread 0x000001de7b62bc00 Exception <a 'sun/nio/fs/WindowsException'{0x00000000d641c430}> (0x00000000d641c430) 
thrown [s\src\hotspot\share\prims\jni.cpp, line 520]
Event: 46.518 Thread 0x000001de7b62bc00 Exception <a 'sun/nio/fs/WindowsException'{0x00000000d6447ea8}> (0x00000000d6447ea8) 
thrown [s\src\hotspot\share\prims\jni.cpp, line 520]
Event: 46.519 Thread 0x000001de7b62bc00 Exception <a 'sun/nio/fs/WindowsException'{0x00000000d6448788}> (0x00000000d6448788) 
thrown [s\src\hotspot\share\prims\jni.cpp, line 520]
Event: 46.521 Thread 0x000001de7b62bc00 Exception <a 'sun/nio/fs/WindowsException'{0x00000000d6449b10}> (0x00000000d6449b10) 
thrown [s\src\hotspot\share\prims\jni.cpp, line 520]
Event: 46.521 Thread 0x000001de7b62bc00 Exception <a 'sun/nio/fs/WindowsException'{0x00000000d644a5e0}> (0x00000000d644a5e0) 
thrown [s\src\hotspot\share\prims\jni.cpp, line 520]
Event: 46.522 Thread 0x000001de7b62bc00 Exception <a 'sun/nio/fs/WindowsException'{0x00000000d644b630}> (0x00000000d644b630) 
thrown [s\src\hotspot\share\prims\jni.cpp, line 520]
Event: 46.523 Thread 0x000001de7b62bc00 Exception <a 'sun/nio/fs/WindowsException'{0x00000000d644c138}> (0x00000000d644c138) 
thrown [s\src\hotspot\share\prims\jni.cpp, line 520]
Event: 46.524 Thread 0x000001de7b62bc00 Exception <a 'sun/nio/fs/WindowsException'{0x00000000d644d930}> (0x00000000d644d930) 
thrown [s\src\hotspot\share\prims\jni.cpp, line 520]
Event: 46.524 Thread 0x000001de7b62bc00 Exception <a 'sun/nio/fs/WindowsException'{0x00000000d644e3e0}> (0x00000000d644e3e0) 
thrown [s\src\hotspot\share\prims\jni.cpp, line 520]
Event: 46.525 Thread 0x000001de7b62bc00 Exception <a 'sun/nio/fs/WindowsException'{0x00000000d644f928}> (0x00000000d644f928) 
thrown [s\src\hotspot\share\prims\jni.cpp, line 520]
Event: 46.525 Thread 0x000001de7b62bc00 Exception <a 'sun/nio/fs/WindowsException'{0x00000000d6450208}> (0x00000000d6450208) 
thrown [s\src\hotspot\share\prims\jni.cpp, line 520]

ZGC Phase Switch (0 events):
No events

VM Operations (20 events):
Event: 45.980 Executing safepoint VM operation: ParallelGCFailedAllocation (Allocation Failure) done
Event: 46.020 Executing safepoint VM operation: ParallelGCFailedAllocation (Allocation Failure)
Event: 46.023 Executing safepoint VM operation: ParallelGCFailedAllocation (Allocation Failure) done
Event: 46.057 Executing safepoint VM operation: ParallelGCFailedAllocation (Allocation Failure)
Event: 46.060 Executing safepoint VM operation: ParallelGCFailedAllocation (Allocation Failure) done
Event: 46.135 Executing safepoint VM operation: ParallelGCFailedAllocation (Allocation Failure)
Event: 46.139 Executing safepoint VM operation: ParallelGCFailedAllocation (Allocation Failure) done
Event: 46.191 Executing safepoint VM operation: ParallelGCFailedAllocation (Allocation Failure)
Event: 46.195 Executing safepoint VM operation: ParallelGCFailedAllocation (Allocation Failure) done
Event: 46.254 Executing safepoint VM operation: ParallelGCFailedAllocation (Allocation Failure)
Event: 46.260 Executing safepoint VM operation: ParallelGCFailedAllocation (Allocation Failure) done
Event: 46.342 Executing safepoint VM operation: ParallelGCFailedAllocation (Allocation Failure)
Event: 46.344 Executing safepoint VM operation: ParallelGCFailedAllocation (Allocation Failure) done
Event: 46.456 Executing non-safepoint VM operation: HandshakeAllThreads (Deoptimize)
Event: 46.456 Executing non-safepoint VM operation: HandshakeAllThreads (Deoptimize) done
Event: 46.580 Executing safepoint VM operation: ParallelGCFailedAllocation (Allocation Failure)
Event: 47.205 Executing safepoint VM operation: ParallelGCFailedAllocation (Allocation Failure) done
Event: 47.613 Executing non-safepoint VM operation: HandshakeAllThreads (Deoptimize)
Event: 47.615 Executing non-safepoint VM operation: HandshakeAllThreads (Deoptimize) done
Event: 48.616 Executing safepoint VM operation: Cleanup

Memory protections (0 events):
No events

Nmethod flushes (20 events):
Event: 41.032 Thread 0x000001de1bec3b30 flushing  nmethod 0x000001de1f948790
Event: 41.032 Thread 0x000001de1bec3b30 flushing  nmethod 0x000001de1f949290
Event: 41.032 Thread 0x000001de1bec3b30 flushing  nmethod 0x000001de1f94da10
Event: 41.032 Thread 0x000001de1bec3b30 flushing  nmethod 0x000001de1f94fc10
Event: 41.032 Thread 0x000001de1bec3b30 flushing  nmethod 0x000001de1f978a90
Event: 41.032 Thread 0x000001de1bec3b30 flushing  nmethod 0x000001de1f9de710
Event: 41.032 Thread 0x000001de1bec3b30 flushing  nmethod 0x000001de1f9f2810
Event: 41.032 Thread 0x000001de1bec3b30 flushing  nmethod 0x000001de1f9f7b10
Event: 41.032 Thread 0x000001de1bec3b30 flushing  nmethod 0x000001de1f9fa390
Event: 41.032 Thread 0x000001de1bec3b30 flushing  nmethod 0x000001de1f9fad10
Event: 41.032 Thread 0x000001de1bec3b30 flushing  nmethod 0x000001de1f9fb310
Event: 41.032 Thread 0x000001de1bec3b30 flushing  nmethod 0x000001de1fa06890
Event: 41.032 Thread 0x000001de1bec3b30 flushing  nmethod 0x000001de1fa34b90
Event: 41.032 Thread 0x000001de1bec3b30 flushing  nmethod 0x000001de1fa35190
Event: 41.032 Thread 0x000001de1bec3b30 flushing  nmethod 0x000001de1fa35890
Event: 41.032 Thread 0x000001de1bec3b30 flushing  nmethod 0x000001de1fa36110
Event: 41.032 Thread 0x000001de1bec3b30 flushing  nmethod 0x000001de1fa36710
Event: 41.032 Thread 0x000001de1bec3b30 flushing  nmethod 0x000001de1fa37f10
Event: 41.032 Thread 0x000001de1bec3b30 flushing osr nmethod 0x000001de1fa9d110
Event: 41.032 Thread 0x000001de1bec3b30 flushing  nmethod 0x000001de1faa9110

Events (20 events):
Event: 40.555 Thread 0x000001de1bedda70 Thread added: 0x000001de7ef4ef60
Event: 41.126 Thread 0x000001de7ef4ef60 Thread exited: 0x000001de7ef4ef60
Event: 41.176 Thread 0x000001de1bedda70 Thread added: 0x000001de7ead4240
Event: 41.181 Thread 0x000001de7ead4240 Thread added: 0x000001de7ef4ef60
Event: 41.198 Thread 0x000001de7ead4240 Thread added: 0x000001de7bc70a10
Event: 41.561 Thread 0x000001de7ef4ef60 Thread added: 0x000001de7c5fb1c0
Event: 41.882 Thread 0x000001de7ef4ef60 Thread added: 0x000001de7b9bb990
Event: 42.399 Thread 0x000001de7ef4ef60 Thread added: 0x000001de00276870
Event: 44.395 Thread 0x000001de7b62c920 Thread added: 0x000001de7f204db0
Event: 45.634 Thread 0x000001de7b62bc00 Thread added: 0x000001de7f2088c0
Event: 45.635 Thread 0x000001de7b62bc00 Thread added: 0x000001de7f205440
Event: 45.635 Thread 0x000001de7b62bc00 Thread added: 0x000001de7f209c70
Event: 45.636 Thread 0x000001de7b62bc00 Thread added: 0x000001de7f20a990
Event: 45.636 Thread 0x000001de7b62bc00 Thread added: 0x000001de7f20bd40
Event: 46.233 Thread 0x000001de7f20bd40 Thread exited: 0x000001de7f20bd40
Event: 46.233 Thread 0x000001de7f209c70 Thread exited: 0x000001de7f209c70
Event: 46.233 Thread 0x000001de7f2088c0 Thread exited: 0x000001de7f2088c0
Event: 46.233 Thread 0x000001de7f205440 Thread exited: 0x000001de7f205440
Event: 46.234 Thread 0x000001de7f20a990 Thread exited: 0x000001de7f20a990
Event: 47.612 Thread 0x000001de7b9bb990 Thread added: 0x000001de00457a30


Dynamic libraries:
0x00007ff770380000 - 0x00007ff77038e000 	c:\Users\caren\.vscode\extensions\redhat.java-1.54.0-win32-x64\jre\21.0.10-win32-x86_64\bin\java.exe
0x00007ffaea6a0000 - 0x00007ffaea907000 	C:\WINDOWS\SYSTEM32\ntdll.dll
0x00007ffae8eb0000 - 0x00007ffae8f79000 	C:\WINDOWS\System32\KERNEL32.DLL
0x00007ffae7d80000 - 0x00007ffae8174000 	C:\WINDOWS\System32\KERNELBASE.dll
0x00007ffae77e0000 - 0x00007ffae792b000 	C:\WINDOWS\System32\ucrtbase.dll
0x00007ffaae090000 - 0x00007ffaae0a8000 	c:\Users\caren\.vscode\extensions\redhat.java-1.54.0-win32-x64\jre\21.0.10-win32-x86_64\bin\jli.dll
0x00007ffaabe10000 - 0x00007ffaabe2e000 	c:\Users\caren\.vscode\extensions\redhat.java-1.54.0-win32-x64\jre\21.0.10-win32-x86_64\bin\VCRUNTIME140.dll
0x00007ffaea400000 - 0x00007ffaea5c5000 	C:\WINDOWS\System32\USER32.dll
0x00007ffae7930000 - 0x00007ffae7957000 	C:\WINDOWS\System32\win32u.dll
0x00007ffaccca0000 - 0x00007ffaccf33000 	C:\WINDOWS\WinSxS\amd64_microsoft.windows.common-controls_6595b64144ccf1df_6.0.26100.8115_none_3e075c82e3354f9c\COMCTL32.dll
0x00007ffae8430000 - 0x00007ffae845b000 	C:\WINDOWS\System32\GDI32.dll
0x00007ffae96c0000 - 0x00007ffae9769000 	C:\WINDOWS\System32\msvcrt.dll
0x00007ffae8180000 - 0x00007ffae82ab000 	C:\WINDOWS\System32\gdi32full.dll
0x00007ffae7a20000 - 0x00007ffae7ac3000 	C:\WINDOWS\System32\msvcp_win.dll
0x00007ffae8580000 - 0x00007ffae85b2000 	C:\WINDOWS\System32\IMM32.DLL
0x00007ffab32c0000 - 0x00007ffab32cc000 	c:\Users\caren\.vscode\extensions\redhat.java-1.54.0-win32-x64\jre\21.0.10-win32-x86_64\bin\vcruntime140_1.dll
0x00007ffa93570000 - 0x00007ffa935fd000 	c:\Users\caren\.vscode\extensions\redhat.java-1.54.0-win32-x64\jre\21.0.10-win32-x86_64\bin\msvcp140.dll
0x00007ff9e13f0000 - 0x00007ff9e2191000 	c:\Users\caren\.vscode\extensions\redhat.java-1.54.0-win32-x64\jre\21.0.10-win32-x86_64\bin\server\jvm.dll
0x00007ffaea340000 - 0x00007ffaea3f6000 	C:\WINDOWS\System32\ADVAPI32.dll
0x00007ffae9050000 - 0x00007ffae90f7000 	C:\WINDOWS\System32\sechost.dll
0x00007ffae8460000 - 0x00007ffae8578000 	C:\WINDOWS\System32\RPCRT4.dll
0x00007ffaea5d0000 - 0x00007ffaea650000 	C:\WINDOWS\System32\WS2_32.dll
0x00007ffae6dd0000 - 0x00007ffae6e2e000 	C:\WINDOWS\SYSTEM32\POWRPROF.dll
0x00007ffae1010000 - 0x00007ffae101b000 	C:\WINDOWS\SYSTEM32\VERSION.dll
0x00007ffad7370000 - 0x00007ffad73a6000 	C:\WINDOWS\SYSTEM32\WINMM.dll
0x00007ffae6db0000 - 0x00007ffae6dc4000 	C:\WINDOWS\SYSTEM32\UMPDC.dll
0x00007ffae5d00000 - 0x00007ffae5d1b000 	C:\WINDOWS\SYSTEM32\kernel.appcore.dll
0x00007ffab1c90000 - 0x00007ffab1c9a000 	c:\Users\caren\.vscode\extensions\redhat.java-1.54.0-win32-x64\jre\21.0.10-win32-x86_64\bin\jimage.dll
0x00007ffad0f70000 - 0x00007ffad11b2000 	C:\WINDOWS\SYSTEM32\DBGHELP.DLL
0x00007ffae8910000 - 0x00007ffae8c92000 	C:\WINDOWS\System32\combase.dll
0x00007ffae9770000 - 0x00007ffae9848000 	C:\WINDOWS\System32\OLEAUT32.dll
0x00007ffaccc60000 - 0x00007ffaccc9b000 	C:\WINDOWS\SYSTEM32\dbgcore.DLL
0x00007ffae7ad0000 - 0x00007ffae7b75000 	C:\WINDOWS\System32\bcryptPrimitives.dll
0x00007ffaaae20000 - 0x00007ffaaae2f000 	c:\Users\caren\.vscode\extensions\redhat.java-1.54.0-win32-x64\jre\21.0.10-win32-x86_64\bin\instrument.dll
0x00007ffaab420000 - 0x00007ffaab440000 	c:\Users\caren\.vscode\extensions\redhat.java-1.54.0-win32-x64\jre\21.0.10-win32-x86_64\bin\java.dll
0x00007ffae98e0000 - 0x00007ffaea047000 	C:\WINDOWS\System32\SHELL32.dll
0x00007ffae7b80000 - 0x00007ffae7cea000 	C:\WINDOWS\System32\wintypes.dll
0x00007ffae6f70000 - 0x00007ffae77d8000 	C:\WINDOWS\System32\windows.storage.dll
0x00007ffae85c0000 - 0x00007ffae86b8000 	C:\WINDOWS\System32\SHCORE.dll
0x00007ffae8e40000 - 0x00007ffae8ea6000 	C:\WINDOWS\System32\shlwapi.dll
0x00007ffae6e90000 - 0x00007ffae6eb9000 	C:\WINDOWS\SYSTEM32\profapi.dll
0x00007ffaaafa0000 - 0x00007ffaaafb8000 	c:\Users\caren\.vscode\extensions\redhat.java-1.54.0-win32-x64\jre\21.0.10-win32-x86_64\bin\zip.dll
0x00007ffaaf9b0000 - 0x00007ffaaf9c0000 	C:\Users\caren\.vscode\extensions\redhat.java-1.54.0-win32-x64\jre\21.0.10-win32-x86_64\bin\net.dll
0x00007ffae1760000 - 0x00007ffae188d000 	C:\WINDOWS\SYSTEM32\WINHTTP.dll
0x00007ffae6270000 - 0x00007ffae62dc000 	C:\WINDOWS\system32\mswsock.dll
0x00007ffaa94f0000 - 0x00007ffaa9506000 	C:\Users\caren\.vscode\extensions\redhat.java-1.54.0-win32-x64\jre\21.0.10-win32-x86_64\bin\nio.dll
0x00007ffaa97f0000 - 0x00007ffaa9800000 	c:\Users\caren\.vscode\extensions\redhat.java-1.54.0-win32-x64\jre\21.0.10-win32-x86_64\bin\verify.dll
0x00007ffa70020000 - 0x00007ffa70065000 	C:\Users\caren\AppData\Roaming\Code\User\globalStorage\redhat.java\1.54.0\config_win\org.eclipse.equinox.launcher\org.eclipse.equinox.launcher.win32.win32.x86_64_1.3.0.v20260203-2149\eclipse_11919.dll
0x00007ffae8ca0000 - 0x00007ffae8e37000 	C:\WINDOWS\System32\ole32.dll
0x00007ffae6550000 - 0x00007ffae656b000 	C:\WINDOWS\SYSTEM32\CRYPTSP.dll
0x00007ffae5c60000 - 0x00007ffae5c99000 	C:\WINDOWS\system32\rsaenh.dll
0x00007ffae6320000 - 0x00007ffae6353000 	C:\WINDOWS\SYSTEM32\USERENV.dll
0x00007ffae6e60000 - 0x00007ffae6e8a000 	C:\WINDOWS\SYSTEM32\bcrypt.dll
0x00007ffae6570000 - 0x00007ffae657c000 	C:\WINDOWS\SYSTEM32\CRYPTBASE.dll
0x00007ffae56c0000 - 0x00007ffae56f2000 	C:\WINDOWS\SYSTEM32\IPHLPAPI.DLL
0x00007ffae8900000 - 0x00007ffae890a000 	C:\WINDOWS\System32\NSI.dll
0x00007ffa6ff80000 - 0x00007ffa6ffc9000 	C:\Users\caren\AppData\Local\Temp\jna-94431101\jna13426827732736484820.dll
0x00007ffaea050000 - 0x00007ffaea058000 	C:\WINDOWS\System32\PSAPI.DLL
0x00007ffae1980000 - 0x00007ffae199d000 	C:\WINDOWS\SYSTEM32\dhcpcsvc6.DLL
0x00007ffae18d0000 - 0x00007ffae18f5000 	C:\WINDOWS\SYSTEM32\dhcpcsvc.DLL
0x00007ffa92050000 - 0x00007ffa92077000 	C:\Users\caren\.gradle\native\1def1411415f61bf3af743bc5b6707747c0891f09f0c88961ee8f79bc544acac\windows-amd64\native-platform.dll
0x00007ffaa94e0000 - 0x00007ffaa94ea000 	C:\Users\caren\.vscode\extensions\redhat.java-1.54.0-win32-x64\jre\21.0.10-win32-x86_64\bin\management.dll
0x00007ffaa13e0000 - 0x00007ffaa13ec000 	C:\Users\caren\.vscode\extensions\redhat.java-1.54.0-win32-x64\jre\21.0.10-win32-x86_64\bin\management_ext.dll

JVMTI agents:
c:\Users\caren\.vscode\extensions\redhat.java-1.54.0-win32-x64\lombok\lombok-1.18.39-4050.jar path:c:\Users\caren\.vscode\extensions\redhat.java-1.54.0-win32-x64\jre\21.0.10-win32-x86_64\bin\instrument.dll, loaded, initialized, instrumentlib options:none

dbghelp: loaded successfully - version: 4.0.5 - missing functions: none
symbol engine: initialized successfully - sym options: 0x614 - pdb path: .;c:\Users\caren\.vscode\extensions\redhat.java-1.54.0-win32-x64\jre\21.0.10-win32-x86_64\bin;C:\WINDOWS\SYSTEM32;C:\WINDOWS\WinSxS\amd64_microsoft.windows.common-controls_6595b64144ccf1df_6.0.26100.8115_none_3e075c82e3354f9c;c:\Users\caren\.vscode\extensions\redhat.java-1.54.0-win32-x64\jre\21.0.10-win32-x86_64\bin\server;C:\Users\caren\AppData\Roaming\Code\User\globalStorage\redhat.java\1.54.0\config_win\org.eclipse.equinox.launcher\org.eclipse.equinox.launcher.win32.win32.x86_64_1.3.0.v20260203-2149;C:\Users\caren\AppData\Local\Temp\jna-94431101;C:\Users\caren\.gradle\native\1def1411415f61bf3af743bc5b6707747c0891f09f0c88961ee8f79bc544acac\windows-amd64

VM Arguments:
jvm_args: --add-modules=ALL-SYSTEM --add-opens=java.base/java.util=ALL-UNNAMED --add-opens=java.base/java.lang=ALL-UNNAMED --add-opens=java.base/sun.nio.fs=ALL-UNNAMED -Declipse.application=org.eclipse.jdt.ls.core.id1 -Dosgi.bundles.defaultStartLevel=4 -Declipse.product=org.eclipse.jdt.ls.core.product -Djava.import.generatesMetadataFilesAtProjectRoot=false -DDetectVMInstallationsJob.disabled=true -Dfile.encoding=utf8 -XX:+UseParallelGC -XX:GCTimeRatio=4 -XX:AdaptiveSizePolicyWeight=90 -Dsun.zip.disableMemoryMapping=true -Xmx2G -Xms100m -Xlog:disable -javaagent:c:\Users\caren\.vscode\extensions\redhat.java-1.54.0-win32-x64\lombok\lombok-1.18.39-4050.jar -XX:+HeapDumpOnOutOfMemoryError -XX:HeapDumpPath=c:\Users\caren\AppData\Roaming\Code\User\workspaceStorage\4edd4b11fff888b15d5f69428c806800\redhat.java -Daether.dependencyCollector.impl=bf 
java_command: c:\Users\caren\.vscode\extensions\redhat.java-1.54.0-win32-x64\server\plugins\org.eclipse.equinox.launcher_1.7.100.v20251111-0406.jar -configuration c:\Users\caren\AppData\Roaming\Code\User\globalStorage\redhat.java\1.54.0\config_win -data c:\Users\caren\AppData\Roaming\Code\User\workspaceStorage\4edd4b11fff888b15d5f69428c806800\redhat.java\jdt_ws --pipe=\\.\pipe\lsp-864ff6d0ec90f4edc8509d4908592777-sock
java_class_path (initial): c:\Users\caren\.vscode\extensions\redhat.java-1.54.0-win32-x64\server\plugins\org.eclipse.equinox.launcher_1.7.100.v20251111-0406.jar
Launcher Type: SUN_STANDARD

[Global flags]
    uintx AdaptiveSizePolicyWeight                 = 90                                        {product} {command line}
     intx CICompilerCount                          = 12                                        {product} {ergonomic}
    uintx GCTimeRatio                              = 4                                         {product} {command line}
     bool HeapDumpOnOutOfMemoryError               = true                                   {manageable} {command line}
    ccstr HeapDumpPath                             = c:\Users\caren\AppData\Roaming\Code\User\workspaceStorage\4edd4b11fff888b15d5f69428c806800\redhat.java         {manageable} {command line}
   size_t InitialHeapSize                          = 104857600                                 {product} {command line}
   size_t MaxHeapSize                              = 2147483648                                {product} {command line}
   size_t MaxNewSize                               = 715653120                                 {product} {ergonomic}
   size_t MinHeapDeltaBytes                        = 524288                                    {product} {ergonomic}
   size_t MinHeapSize                              = 104857600                                 {product} {command line}
   size_t NewSize                                  = 34603008                                  {product} {ergonomic}
    uintx NonNMethodCodeHeapSize                   = 7602480                                {pd product} {ergonomic}
    uintx NonProfiledCodeHeapSize                  = 122027880                              {pd product} {ergonomic}
   size_t OldSize                                  = 70254592                                  {product} {ergonomic}
    uintx ProfiledCodeHeapSize                     = 122027880                              {pd product} {ergonomic}
    uintx ReservedCodeCacheSize                    = 251658240                              {pd product} {ergonomic}
     bool SegmentedCodeCache                       = true                                      {product} {ergonomic}
   size_t SoftMaxHeapSize                          = 2147483648                             {manageable} {ergonomic}
     bool UseCompressedOops                        = true                           {product lp64_product} {ergonomic}
     bool UseLargePagesIndividualAllocation        = false                                  {pd product} {ergonomic}
     bool UseParallelGC                            = true                                      {product} {command line}

Logging:
Log output configuration:
 #0: stdout all=off uptime,level,tags foldmultilines=false
 #1: stderr all=off uptime,level,tags foldmultilines=false

Release file:
JAVA_VERSION="21.0.10" 
MODULES="java.base java.compiler java.datatransfer java.xml java.prefs java.desktop java.instrument java.logging java.management java.security.sasl java.naming java.rmi java.management.rmi java.net.http java.scripting java.security.jgss java.transaction.xa java.sql java.sql.rowset java.xml.crypto java.se java.smartcardio jdk.accessibility jdk.internal.jvmstat jdk.attach jdk.charsets jdk.internal.opt jdk.zipfs jdk.compiler jdk.crypto.ec jdk.crypto.cryptoki jdk.crypto.mscapi jdk.dynalink jdk.internal.ed jdk.editpad jdk.hotspot.agent jdk.httpserver jdk.internal.le jdk.internal.vm.ci jdk.internal.vm.compiler jdk.internal.vm.compiler.management jdk.jartool jdk.javadoc jdk.jcmd jdk.management jdk.management.agent jdk.jconsole jdk.jdeps jdk.jdwp.agent jdk.jdi jdk.jfr jdk.jshell jdk.jsobject jdk.jstatd jdk.localedata jdk.management.jfr jdk.naming.dns jdk.naming.rmi jdk.net jdk.nio.mapmode jdk.random jdk.sctp jdk.security.auth jdk.security.jgss jdk.unsupported jdk.unsupported.desktop jdk.xml.dom" 

Environment Variables:
JAVA_HOME=C:\Users\caren\AppData\Local\Programs\Eclipse Adoptium\jdk-21.0.9.10-hotspot\
PATH=C:\Users\caren\AppData\Local\Programs\Microsoft VS Code;C:\Program Files\Eclipse Adoptium\jdk-11.0.26.4-hotspot\bin;C:\Program Files\Common Files\Oracle\Java\javapath;C:\Program Files (x86)\Common Files\Oracle\Java\javapath;C:\WINDOWS\system32;C:\WINDOWS;C:\WINDOWS\System32\Wbem;C:\WINDOWS\System32\WindowsPowerShell\v1.0\;C:\WINDOWS\System32\OpenSSH\;C:\Program Files (x86)\NVIDIA Corporation\PhysX\Common;C:\Program Files\NVIDIA Corporation\NVIDIA NvDLISR;C:\Program Files\dotnet\;C:\Program Files (x86)\Bitvise SSH Client;C:\ProgramData\ComposerSetup\bin;C:\Program Files\nodejs\;C:\Program Files\Git\cmd;C:\Program Files (x86)\Windows Kits\10\Windows Performance Toolkit\;C:\Program Files\Go\bin;C:\Go\bin;C:\Program Files\k6\;C:\Users\caren\Downloads\flutter_windows_3.41.7-stable\flutter\bin;C:\Users\caren\AppData\Local\Programs\Microsoft VS Code\bin
USERNAME=caren
OS=Windows_NT
PROCESSOR_IDENTIFIER=AMD64 Family 25 Model 68 Stepping 1, AuthenticAMD
TMP=C:\Users\caren\AppData\Local\Temp
TEMP=C:\Users\caren\AppData\Local\Temp




Periodic native trim disabled

---------------  S Y S T E M  ---------------

OS:
 Windows 11 , 64 bit Build 26100 (10.0.26100.8246)
OS uptime: 3 days 22:45 hours
Hyper-V role detected

CPU: total 16 (initial active 16) (16 cores per cpu, 2 threads per core) family 25 model 68 stepping 1 microcode 0xa404105, cx8, cmov, fxsr, ht, mmx, 3dnowpref, sse, sse2, sse3, ssse3, sse4a, sse4.1, sse4.2, popcnt, lzcnt, tsc, tscinvbit, avx, avx2, aes, erms, clmul, bmi1, bmi2, adx, sha, fma, vzeroupper, clflush, clflushopt, hv, rdtscp, rdpid, fsrm, f16c, cet_ss
Processor Information for the first 16 processors :
  Max Mhz: 3100, Current Mhz: 2523, Mhz Limit: 3100

Memory: 4k page, system-wide physical 16202M (1952M free)
TotalPageFile size 31278M (AvailPageFile size 13M)
current process WorkingSet (physical memory assigned to process): 377M, peak: 377M
current process commit charge ("private bytes"): 467M, peak: 481M

vm_info: OpenJDK 64-Bit Server VM (21.0.10+7-LTS) for windows-amd64 JRE (21.0.10+7-LTS), built on 2026-01-20T00:00:00Z by "admin" with MS VC++ 17.12 (VS2022)

END.
