#
# There is insufficient memory for the Java Runtime Environment to continue.
# Native memory allocation (malloc) failed to allocate 108784 bytes. Error detail: Chunk::new
# Possible reasons:
#   The system is out of physical RAM or swap space
#   This process is running with CompressedOops enabled, and the Java Heap may be blocking the growth of the native heap
# Possible solutions:
#   Reduce memory load on the system
#   Increase physical memory or swap space
#   Check if swap backing store is full
#   Decrease Java heap size (-Xmx/-Xms)
#   Decrease number of Java threads
#   Decrease Java thread stack sizes (-Xss)
#   Set larger code cache with -XX:ReservedCodeCacheSize=
#   JVM is running with Unscaled Compressed Oops mode in which the Java heap is
#     placed in the first 4GB address space. The Java Heap base address is the
#     maximum limit for the native heap growth. Please use -XX:HeapBaseMinAddress
#     to set the Java Heap base and to place the Java Heap above 4GB virtual address.
# This output file may be truncated or incomplete.
#
#  Out of Memory Error (arena.cpp:168), pid=19420, tid=18576
#
# JRE version: OpenJDK Runtime Environment Temurin-21.0.10+7 (21.0.10+7) (build 21.0.10+7-LTS)
# Java VM: OpenJDK 64-Bit Server VM Temurin-21.0.10+7 (21.0.10+7-LTS, mixed mode, sharing, tiered, compressed oops, compressed class ptrs, parallel gc, windows-amd64)
# No core dump will be written. Minidumps are not enabled by default on client versions of Windows
#

---------------  S U M M A R Y ------------

Command Line: --add-modules=ALL-SYSTEM --add-opens=java.base/java.util=ALL-UNNAMED --add-opens=java.base/java.lang=ALL-UNNAMED --add-opens=java.base/sun.nio.fs=ALL-UNNAMED -Declipse.application=org.eclipse.jdt.ls.core.id1 -Dosgi.bundles.defaultStartLevel=4 -Declipse.product=org.eclipse.jdt.ls.core.product -Djava.import.generatesMetadataFilesAtProjectRoot=false -DDetectVMInstallationsJob.disabled=true -Dfile.encoding=utf8 -XX:+UseParallelGC -XX:GCTimeRatio=4 -XX:AdaptiveSizePolicyWeight=90 -Dsun.zip.disableMemoryMapping=true -Xmx2G -Xms100m -Xlog:disable -javaagent:c:\Users\caren\.vscode\extensions\redhat.java-1.54.0-win32-x64\lombok\lombok-1.18.39-4050.jar c:\Users\caren\.vscode\extensions\redhat.java-1.54.0-win32-x64\server\plugins\org.eclipse.equinox.launcher_1.7.100.v20251111-0406.jar -configuration c:\Users\caren\AppData\Roaming\Code\User\globalStorage\redhat.java\1.54.0\config_ss_win -data c:\Users\caren\AppData\Roaming\Code\User\workspaceStorage\4edd4b11fff888b15d5f69428c806800\redhat.java\ss_ws --pipe=\\.\pipe\lsp-eba15a45f854c2a938fc06bcd19cff26-sock

Host: AMD Ryzen 7 7435HS                             , 16 cores, 15G,  Windows 11 , 64 bit Build 26100 (10.0.26100.8328)
Time: Mon May 18 11:16:14 2026 SE Asia Standard Time elapsed time: 1.515428 seconds (0d 0h 0m 1s)

---------------  T H R E A D  ---------------

Current thread (0x0000024afd8b8760):  JavaThread "C2 CompilerThread3" daemon [_thread_in_native, id=18576, stack(0x000000fc51700000,0x000000fc51800000) (1024K)]


Current CompileTask:
C2:1515 1382   !   4       java.io.BufferedInputStream::read (69 bytes)

Stack: [0x000000fc51700000,0x000000fc51800000]
Native frames: (J=compiled Java code, j=interpreted, Vv=VM code, C=native code)
V  [jvm.dll+0x6d7a39]
V  [jvm.dll+0x8b4b26]
V  [jvm.dll+0x8b70de]
V  [jvm.dll+0x8b77c3]
V  [jvm.dll+0x284346]
V  [jvm.dll+0xc66ed]
V  [jvm.dll+0xc6c31]
V  [jvm.dll+0x3bec3b]
V  [jvm.dll+0x1e3f69]
V  [jvm.dll+0x24c6b3]
V  [jvm.dll+0x24bb40]
V  [jvm.dll+0x1cb34e]
V  [jvm.dll+0x25b85d]
V  [jvm.dll+0x259dea]
V  [jvm.dll+0x3f857e]
V  [jvm.dll+0x85f59d]
V  [jvm.dll+0x6d626d]
C  [ucrtbase.dll+0x37b0]
C  [KERNEL32.DLL+0x2e957]
C  [ntdll.dll+0x427c]


---------------  P R O C E S S  ---------------

Threads class SMR info:
_java_thread_list=0x0000024aff46c830, length=17, elements={
0x0000024ae3906650, 0x0000024afc2b93c0, 0x0000024afc2bb880, 0x0000024afc2c02f0,
0x0000024afc2c0d50, 0x0000024afc2c3c00, 0x0000024afc2caa10, 0x0000024afd7982f0,
0x0000024afd7bbd80, 0x0000024afd8b72f0, 0x0000024afd8b8e30, 0x0000024afda49c60,
0x0000024afd8b9bd0, 0x0000024aff093e90, 0x0000024afd8ba2a0, 0x0000024afd8b8090,
0x0000024afd8b8760
}

Java Threads: ( => current thread )
  0x0000024ae3906650 JavaThread "main"                              [_thread_in_native, id=19412, stack(0x000000fc4fe00000,0x000000fc4ff00000) (1024K)]
  0x0000024afc2b93c0 JavaThread "Reference Handler"          daemon [_thread_blocked, id=18900, stack(0x000000fc50200000,0x000000fc50300000) (1024K)]
  0x0000024afc2bb880 JavaThread "Finalizer"                  daemon [_thread_blocked, id=32220, stack(0x000000fc50300000,0x000000fc50400000) (1024K)]
  0x0000024afc2c02f0 JavaThread "Signal Dispatcher"          daemon [_thread_blocked, id=30076, stack(0x000000fc50400000,0x000000fc50500000) (1024K)]
  0x0000024afc2c0d50 JavaThread "Attach Listener"            daemon [_thread_blocked, id=8892, stack(0x000000fc50500000,0x000000fc50600000) (1024K)]
  0x0000024afc2c3c00 JavaThread "Service Thread"             daemon [_thread_blocked, id=30500, stack(0x000000fc50600000,0x000000fc50700000) (1024K)]
  0x0000024afc2caa10 JavaThread "Monitor Deflation Thread"   daemon [_thread_blocked, id=31388, stack(0x000000fc50700000,0x000000fc50800000) (1024K)]
  0x0000024afd7982f0 JavaThread "C2 CompilerThread0"         daemon [_thread_in_native, id=29500, stack(0x000000fc50800000,0x000000fc50900000) (1024K)]
  0x0000024afd7bbd80 JavaThread "C1 CompilerThread0"         daemon [_thread_blocked, id=13308, stack(0x000000fc50900000,0x000000fc50a00000) (1024K)]
  0x0000024afd8b72f0 JavaThread "C1 CompilerThread1"         daemon [_thread_blocked, id=26868, stack(0x000000fc50a00000,0x000000fc50b00000) (1024K)]
  0x0000024afd8b8e30 JavaThread "C1 CompilerThread2"         daemon [_thread_blocked, id=23272, stack(0x000000fc50b00000,0x000000fc50c00000) (1024K)]
  0x0000024afda49c60 JavaThread "Common-Cleaner"             daemon [_thread_blocked, id=30708, stack(0x000000fc50d00000,0x000000fc50e00000) (1024K)]
  0x0000024afd8b9bd0 JavaThread "C1 CompilerThread3"         daemon [_thread_blocked, id=12600, stack(0x000000fc50e00000,0x000000fc50f00000) (1024K)]
  0x0000024aff093e90 JavaThread "Notification Thread"        daemon [_thread_blocked, id=23668, stack(0x000000fc50f00000,0x000000fc51000000) (1024K)]
  0x0000024afd8ba2a0 JavaThread "C2 CompilerThread1"         daemon [_thread_in_native, id=11892, stack(0x000000fc50c00000,0x000000fc50d00000) (1024K)]
  0x0000024afd8b8090 JavaThread "C2 CompilerThread2"         daemon [_thread_in_native, id=32680, stack(0x000000fc51000000,0x000000fc51100000) (1024K)]
=>0x0000024afd8b8760 JavaThread "C2 CompilerThread3"         daemon [_thread_in_native, id=18576, stack(0x000000fc51700000,0x000000fc51800000) (1024K)]
Total: 17

Other Threads:
  0x0000024afc2b49e0 VMThread "VM Thread"                           [id=33580, stack(0x000000fc50100000,0x000000fc50200000) (1024K)]
  0x0000024afc1aca00 WatcherThread "VM Periodic Task Thread"        [id=24800, stack(0x000000fc50000000,0x000000fc50100000) (1024K)]
  0x0000024ae3924e20 WorkerThread "GC Thread#0"                     [id=32320, stack(0x000000fc4ff00000,0x000000fc50000000) (1024K)]
  0x0000024ac5174900 WorkerThread "GC Thread#1"                     [id=12708, stack(0x000000fc51100000,0x000000fc51200000) (1024K)]
  0x0000024ac5174cb0 WorkerThread "GC Thread#2"                     [id=12404, stack(0x000000fc51200000,0x000000fc51300000) (1024K)]
  0x0000024ac516fc40 WorkerThread "GC Thread#3"                     [id=16140, stack(0x000000fc51300000,0x000000fc51400000) (1024K)]
  0x0000024ac516fff0 WorkerThread "GC Thread#4"                     [id=5936, stack(0x000000fc51400000,0x000000fc51500000) (1024K)]
  0x0000024ac51703a0 WorkerThread "GC Thread#5"                     [id=13164, stack(0x000000fc51500000,0x000000fc51600000) (1024K)]
  0x0000024ac50470f0 WorkerThread "GC Thread#6"                     [id=16720, stack(0x000000fc51600000,0x000000fc51700000) (1024K)]
Total: 9

Threads with active compile tasks:
C2 CompilerThread0  1556 1374       4       java.io.DataInputStream::readUTF (501 bytes)
C2 CompilerThread1  1556 1419       4       lombok.launch.PackageShader::apply (252 bytes)
C2 CompilerThread2  1556 1405       4       org.eclipse.osgi.container.ModuleDatabase$Persistence::readString (7 bytes)
C2 CompilerThread3  1557 1382   !   4       java.io.BufferedInputStream::read (69 bytes)
Total: 4

VM state: not at safepoint (normal execution)

VM Mutex/Monitor currently owned by a thread: None

Heap address: 0x0000000080000000, size: 2048 MB, Compressed Oops mode: 32-bit

CDS archive(s) mapped at: [0x0000024a80000000-0x0000024a80ba0000-0x0000024a80ba0000), size 12189696, SharedBaseAddress: 0x0000024a80000000, ArchiveRelocationMode: 1.
Compressed class space mapped at: 0x0000024a81000000-0x0000024ac1000000, reserved size: 1073741824
Narrow klass base: 0x0000024a80000000, Narrow klass shift: 0, Narrow klass range: 0x100000000

GC Precious Log:
 CardTable entry size: 512
 CPUs: 16 total, 16 available
 Memory: 16202M
 Large Page Support: Disabled
 NUMA Support: Disabled
 Compressed Oops: Enabled (32-bit)
 Alignments: Space 512K, Generation 512K, Heap 2M
 Heap Min Capacity: 100M
 Heap Initial Capacity: 100M
 Heap Max Capacity: 2G
 Pre-touch: Disabled
 Parallel Workers: 13

Heap:
 PSYoungGen      total 29696K, used 14527K [0x00000000d5580000, 0x00000000d7680000, 0x0000000100000000)
  eden space 25600K, 42% used [0x00000000d5580000,0x00000000d6008e30,0x00000000d6e80000)
  from space 4096K, 91% used [0x00000000d6e80000,0x00000000d7227000,0x00000000d7280000)
  to   space 4096K, 0% used [0x00000000d7280000,0x00000000d7280000,0x00000000d7680000)
 ParOldGen       total 68608K, used 16K [0x0000000080000000, 0x0000000084300000, 0x00000000d5580000)
  object space 68608K, 0% used [0x0000000080000000,0x0000000080004000,0x0000000084300000)
 Metaspace       used 6113K, committed 6400K, reserved 1114112K
  class space    used 623K, committed 768K, reserved 1048576K

Card table byte_map: [0x0000024af75e0000,0x0000024af79f0000] _byte_map_base: 0x0000024af71e0000

Marking Bits: (ParMarkBitMap*) 0x00007ffab5ee3450
 Begin Bits: [0x0000024af7ca0000, 0x0000024af9ca0000)
 End Bits:   [0x0000024af9ca0000, 0x0000024afbca0000)

Polling page: 0x0000024ae3d60000

Metaspace:

Usage:
  Non-class:      5.36 MB used.
      Class:    623.14 KB used.
       Both:      5.97 MB used.

Virtual space:
  Non-class space:       64.00 MB reserved,       5.50 MB (  9%) committed,  1 nodes.
      Class space:        1.00 GB reserved,     768.00 KB ( <1%) committed,  1 nodes.
             Both:        1.06 GB reserved,       6.25 MB ( <1%) committed. 

Chunk freelists:
   Non-Class:  10.05 MB
       Class:  15.08 MB
        Both:  25.12 MB

MaxMetaspaceSize: unlimited
CompressedClassSpaceSize: 1.00 GB
Initial GC threshold: 21.00 MB
Current GC threshold: 21.00 MB
CDS: on
 - commit_granule_bytes: 65536.
 - commit_granule_words: 8192.
 - virtual_space_node_default_size: 8388608.
 - enlarge_chunks_in_place: 1.
 - use_allocation_guard: 0.


Internal statistics:

num_allocs_failed_limit: 0.
num_arena_births: 190.
num_arena_deaths: 0.
num_vsnodes_births: 2.
num_vsnodes_deaths: 0.
num_space_committed: 100.
num_space_uncommitted: 0.
num_chunks_returned_to_freelist: 0.
num_chunks_taken_from_freelist: 314.
num_chunk_merges: 0.
num_chunk_splits: 201.
num_chunks_enlarged: 126.
num_inconsistent_stats: 0.

CodeHeap 'non-profiled nmethods': size=119168Kb used=508Kb max_used=508Kb free=118659Kb
 bounds [0x0000024aeff90000, 0x0000024af0200000, 0x0000024af73f0000]
CodeHeap 'profiled nmethods': size=119104Kb used=2499Kb max_used=2499Kb free=116604Kb
 bounds [0x0000024ae83f0000, 0x0000024ae8670000, 0x0000024aef840000]
CodeHeap 'non-nmethods': size=7488Kb used=2897Kb max_used=2916Kb free=4590Kb
 bounds [0x0000024aef840000, 0x0000024aefb20000, 0x0000024aeff90000]
CodeCache: size=245760Kb, used=5904Kb, max_used=5923Kb, free=239853Kb
 total_blobs=1895, nmethods=1421, adapters=378, full_count=0
Compilation: enabled, stopped_count=0, restarted_count=0

Compilation events (20 events):
Event: 1.488 Thread 0x0000024afd7bbd80 1409       3       java.util.Collections$UnmodifiableMap::size (10 bytes)
Event: 1.488 Thread 0x0000024afd8b72f0 nmethod 1411 0x0000024ae8653710 code [0x0000024ae8653900, 0x0000024ae8653d38]
Event: 1.488 Thread 0x0000024afd8b8e30 nmethod 1407 0x0000024ae8653e90 code [0x0000024ae8654040, 0x0000024ae8654178]
Event: 1.489 Thread 0x0000024afd7bbd80 nmethod 1409 0x0000024ae8654210 code [0x0000024ae86543c0, 0x0000024ae8654598]
Event: 1.489 Thread 0x0000024afd8b9bd0 nmethod 1406 0x0000024ae8654690 code [0x0000024ae8654a00, 0x0000024ae8655e50]
Event: 1.489 Thread 0x0000024afd8b72f0 1413       1       java.util.LinkedHashMap::removeEldestEntry (2 bytes)
Event: 1.489 Thread 0x0000024afd8b72f0 nmethod 1413 0x0000024af0008c90 code [0x0000024af0008e20, 0x0000024af0008ee8]
Event: 1.490 Thread 0x0000024afd8b8e30 1414       3       sun.net.www.protocol.jar.Handler::parseURL (173 bytes)
Event: 1.490 Thread 0x0000024afd8b72f0 1415       3       sun.net.www.protocol.jar.Handler::indexOfBangSlash (52 bytes)
Event: 1.490 Thread 0x0000024afd7bbd80 1416       3       java.net.URLStreamHandler::setURL (159 bytes)
Event: 1.491 Thread 0x0000024afd8ba2a0 nmethod 1381 0x0000024af0008f90 code [0x0000024af00091c0, 0x0000024af00099b8]
Event: 1.492 Thread 0x0000024afd8b72f0 nmethod 1415 0x0000024ae8656610 code [0x0000024ae8656880, 0x0000024ae8657328]
Event: 1.492 Thread 0x0000024afd8b8e30 nmethod 1414 0x0000024ae8657790 code [0x0000024ae8657a40, 0x0000024ae8658400]
Event: 1.493 Thread 0x0000024afd8ba2a0 1393   !   4       java.io.BufferedInputStream::read (54 bytes)
Event: 1.493 Thread 0x0000024afd7bbd80 nmethod 1416 0x0000024ae8658890 code [0x0000024ae8658c20, 0x0000024ae865a088]
Event: 1.506 Thread 0x0000024afd8b72f0 1417       3       java.util.Base64$Decoder::decodeBlock (186 bytes)
Event: 1.507 Thread 0x0000024afd8b72f0 nmethod 1417 0x0000024ae865a990 code [0x0000024ae865ab60, 0x0000024ae865afd0]
Event: 1.509 Thread 0x0000024afd8ba2a0 nmethod 1393 0x0000024af000a090 code [0x0000024af000a260, 0x0000024af000a5d8]
Event: 1.509 Thread 0x0000024afd8ba2a0 1394       4       java.io.BufferedInputStream::implRead (49 bytes)
Event: 1.512 Thread 0x0000024afd8ba2a0 nmethod 1394 0x0000024af000aa10 code [0x0000024af000abc0, 0x0000024af000ad20]

GC Heap History (2 events):
Event: 1.090 GC heap before
{Heap before GC invocations=1 (full 0):
 PSYoungGen      total 29696K, used 25600K [0x00000000d5580000, 0x00000000d7680000, 0x0000000100000000)
  eden space 25600K, 100% used [0x00000000d5580000,0x00000000d6e80000,0x00000000d6e80000)
  from space 4096K, 0% used [0x00000000d7280000,0x00000000d7280000,0x00000000d7680000)
  to   space 4096K, 0% used [0x00000000d6e80000,0x00000000d6e80000,0x00000000d7280000)
 ParOldGen       total 68608K, used 0K [0x0000000080000000, 0x0000000084300000, 0x00000000d5580000)
  object space 68608K, 0% used [0x0000000080000000,0x0000000080000000,0x0000000084300000)
 Metaspace       used 4167K, committed 4416K, reserved 1114112K
  class space    used 455K, committed 576K, reserved 1048576K
}
Event: 1.100 GC heap after
{Heap after GC invocations=1 (full 0):
 PSYoungGen      total 29696K, used 3740K [0x00000000d5580000, 0x00000000d7680000, 0x0000000100000000)
  eden space 25600K, 0% used [0x00000000d5580000,0x00000000d5580000,0x00000000d6e80000)
  from space 4096K, 91% used [0x00000000d6e80000,0x00000000d7227000,0x00000000d7280000)
  to   space 4096K, 0% used [0x00000000d7280000,0x00000000d7280000,0x00000000d7680000)
 ParOldGen       total 68608K, used 16K [0x0000000080000000, 0x0000000084300000, 0x00000000d5580000)
  object space 68608K, 0% used [0x0000000080000000,0x0000000080004000,0x0000000084300000)
 Metaspace       used 4167K, committed 4416K, reserved 1114112K
  class space    used 455K, committed 576K, reserved 1048576K
}

Dll operation events (8 events):
Event: 0.013 Loaded shared library c:\Users\caren\.vscode\extensions\redhat.java-1.54.0-win32-x64\jre\21.0.10-win32-x86_64\bin\java.dll
Event: 0.081 Loaded shared library c:\Users\caren\.vscode\extensions\redhat.java-1.54.0-win32-x64\jre\21.0.10-win32-x86_64\bin\zip.dll
Event: 0.112 Loaded shared library C:\Users\caren\.vscode\extensions\redhat.java-1.54.0-win32-x64\jre\21.0.10-win32-x86_64\bin\instrument.dll
Event: 0.118 Loaded shared library C:\Users\caren\.vscode\extensions\redhat.java-1.54.0-win32-x64\jre\21.0.10-win32-x86_64\bin\net.dll
Event: 0.121 Loaded shared library C:\Users\caren\.vscode\extensions\redhat.java-1.54.0-win32-x64\jre\21.0.10-win32-x86_64\bin\nio.dll
Event: 0.125 Loaded shared library C:\Users\caren\.vscode\extensions\redhat.java-1.54.0-win32-x64\jre\21.0.10-win32-x86_64\bin\zip.dll
Event: 0.145 Loaded shared library C:\Users\caren\.vscode\extensions\redhat.java-1.54.0-win32-x64\jre\21.0.10-win32-x86_64\bin\jimage.dll
Event: 0.259 Loaded shared library c:\Users\caren\.vscode\extensions\redhat.java-1.54.0-win32-x64\jre\21.0.10-win32-x86_64\bin\verify.dll

Deoptimization events (20 events):
Event: 1.234 Thread 0x0000024ae3906650 Uncommon trap: trap_request=0xffffff45 fr.pc=0x0000024aeffed1d0 relative=0x00000000000000b0
Event: 1.234 Thread 0x0000024ae3906650 Uncommon trap: reason=unstable_if action=reinterpret pc=0x0000024aeffed1d0 method=java.util.HashMap.hash(Ljava/lang/Object;)I @ 1 c2
Event: 1.234 Thread 0x0000024ae3906650 DEOPT PACKING pc=0x0000024aeffed1d0 sp=0x000000fc4fefeb60
Event: 1.234 Thread 0x0000024ae3906650 DEOPT UNPACKING pc=0x0000024aef893aa2 sp=0x000000fc4fefeaf8 mode 2
Event: 1.235 Thread 0x0000024ae3906650 Uncommon trap: trap_request=0xffffffde fr.pc=0x0000024aeffd61e8 relative=0x0000000000000548
Event: 1.235 Thread 0x0000024ae3906650 Uncommon trap: reason=class_check action=maybe_recompile pc=0x0000024aeffd61e8 method=java.util.Collections$UnmodifiableCollection$1.<init>(Ljava/util/Collections$UnmodifiableCollection;)V @ 17 c2
Event: 1.235 Thread 0x0000024ae3906650 DEOPT PACKING pc=0x0000024aeffd61e8 sp=0x000000fc4fefeb90
Event: 1.235 Thread 0x0000024ae3906650 DEOPT UNPACKING pc=0x0000024aef893aa2 sp=0x000000fc4fefead8 mode 2
Event: 1.340 Thread 0x0000024ae3906650 Uncommon trap: trap_request=0xffffff45 fr.pc=0x0000024aeffdd878 relative=0x0000000000000198
Event: 1.340 Thread 0x0000024ae3906650 Uncommon trap: reason=unstable_if action=reinterpret pc=0x0000024aeffdd878 method=java.lang.invoke.VarHandle.checkAccessModeThenIsDirect(Ljava/lang/invoke/VarHandle$AccessDescriptor;)Z @ 4 c2
Event: 1.340 Thread 0x0000024ae3906650 DEOPT PACKING pc=0x0000024aeffdd878 sp=0x000000fc4fefeb40
Event: 1.340 Thread 0x0000024ae3906650 DEOPT UNPACKING pc=0x0000024aef893aa2 sp=0x000000fc4fefea98 mode 2
Event: 1.508 Thread 0x0000024ae3906650 Uncommon trap: trap_request=0xffffff45 fr.pc=0x0000024aeffe0830 relative=0x0000000000000f10
Event: 1.508 Thread 0x0000024ae3906650 Uncommon trap: reason=unstable_if action=reinterpret pc=0x0000024aeffe0830 method=lombok.patcher.PatchScript.classMatches(Ljava/lang/String;Ljava/util/Collection;)Z @ 25 c2
Event: 1.508 Thread 0x0000024ae3906650 DEOPT PACKING pc=0x0000024aeffe0830 sp=0x000000fc4fef8e40
Event: 1.508 Thread 0x0000024ae3906650 DEOPT UNPACKING pc=0x0000024aef893aa2 sp=0x000000fc4fef8e00 mode 2
Event: 1.508 Thread 0x0000024ae3906650 Uncommon trap: trap_request=0xffffff45 fr.pc=0x0000024aeffe6528 relative=0x0000000000000088
Event: 1.508 Thread 0x0000024ae3906650 Uncommon trap: reason=unstable_if action=reinterpret pc=0x0000024aeffe6528 method=lombok.patcher.scripts.MethodLevelPatchScript.patch(Ljava/lang/String;[BLlombok/patcher/TransplantMapper;)[B @ 8 c2
Event: 1.508 Thread 0x0000024ae3906650 DEOPT PACKING pc=0x0000024aeffe6528 sp=0x000000fc4fef8eb0
Event: 1.508 Thread 0x0000024ae3906650 DEOPT UNPACKING pc=0x0000024aef893aa2 sp=0x000000fc4fef8e40 mode 2

Classes loaded (20 events):
Event: 1.405 Loading class java/util/AbstractQueue done
Event: 1.405 Loading class java/util/concurrent/SynchronousQueue done
Event: 1.405 Loading class java/util/concurrent/SynchronousQueue$Transferer
Event: 1.405 Loading class java/util/concurrent/LinkedTransferQueue
Event: 1.405 Loading class java/util/concurrent/TransferQueue
Event: 1.406 Loading class java/util/concurrent/TransferQueue done
Event: 1.406 Loading class java/util/concurrent/LinkedTransferQueue done
Event: 1.406 Loading class java/util/concurrent/SynchronousQueue$Transferer done
Event: 1.406 Loading class java/util/concurrent/LinkedTransferQueue$DualNode
Event: 1.406 Loading class java/util/concurrent/LinkedTransferQueue$DualNode done
Event: 1.408 Loading class java/util/concurrent/RejectedExecutionHandler
Event: 1.408 Loading class java/util/concurrent/RejectedExecutionHandler done
Event: 1.409 Loading class java/util/concurrent/LinkedBlockingQueue
Event: 1.409 Loading class java/util/concurrent/LinkedBlockingQueue done
Event: 1.409 Loading class java/util/concurrent/LinkedBlockingQueue$Node
Event: 1.409 Loading class java/util/concurrent/LinkedBlockingQueue$Node done
Event: 1.430 Loading class java/util/concurrent/Semaphore$NonfairSync
Event: 1.430 Loading class java/util/concurrent/Semaphore$Sync
Event: 1.430 Loading class java/util/concurrent/Semaphore$Sync done
Event: 1.430 Loading class java/util/concurrent/Semaphore$NonfairSync done

Classes unloaded (0 events):
No events

Classes redefined (0 events):
No events

Internal exceptions (20 events):
Event: 0.756 Thread 0x0000024ae3906650 Exception <a 'java/io/FileNotFoundException'{0x00000000d664bd58}> (0x00000000d664bd58) 
thrown [s\src\hotspot\share\prims\jni.cpp, line 520]
Event: 0.757 Thread 0x0000024ae3906650 Exception <a 'java/io/FileNotFoundException'{0x00000000d664c9d0}> (0x00000000d664c9d0) 
thrown [s\src\hotspot\share\prims\jni.cpp, line 520]
Event: 0.757 Thread 0x0000024ae3906650 Exception <a 'java/io/FileNotFoundException'{0x00000000d664d510}> (0x00000000d664d510) 
thrown [s\src\hotspot\share\prims\jni.cpp, line 520]
Event: 0.764 Thread 0x0000024ae3906650 Implicit null exception at 0x0000024aeffbdd24 to 0x0000024aeffbe2b8
Event: 0.769 Thread 0x0000024ae3906650 Exception <a 'java/io/FileNotFoundException'{0x00000000d66876a0}> (0x00000000d66876a0) 
thrown [s\src\hotspot\share\prims\jni.cpp, line 520]
Event: 0.791 Thread 0x0000024ae3906650 Exception <a 'java/lang/NoSuchMethodError'{0x00000000d66c4068}: 'java.lang.Object java.lang.invoke.DirectMethodHandle$Holder.invokeInterface(java.lang.Object, java.lang.Object)'> (0x00000000d66c4068) 
thrown [s\src\hotspot\share\interpreter\linkResolver.cpp, line 773]
Event: 0.800 Thread 0x0000024ae3906650 Exception <a 'java/lang/NoSuchMethodError'{0x00000000d66d75f8}: 'java.lang.Object java.lang.invoke.Invokers$Holder.invokeExact_MT(java.lang.Object, java.lang.Object, java.lang.Object, java.lang.Object, java.lang.Object, java.lang.Object)'> (0x00000000d66d75f8) 
thrown [s\src\hotspot\share\interpreter\linkResolver.cpp, line 773]
Event: 0.807 Thread 0x0000024ae3906650 Exception <a 'java/lang/NoSuchMethodError'{0x00000000d66ee6d0}: 'int java.lang.invoke.DirectMethodHandle$Holder.invokeStatic(java.lang.Object, java.lang.Object, java.lang.Object, java.lang.Object, java.lang.Object)'> (0x00000000d66ee6d0) 
thrown [s\src\hotspot\share\interpreter\linkResolver.cpp, line 773]
Event: 0.850 Thread 0x0000024ae3906650 Exception <a 'java/lang/NoSuchMethodError'{0x00000000d6781e28}: 'java.lang.Object java.lang.invoke.DirectMethodHandle$Holder.invokeInterface(java.lang.Object, java.lang.Object, int)'> (0x00000000d6781e28) 
thrown [s\src\hotspot\share\interpreter\linkResolver.cpp, line 773]
Event: 1.041 Thread 0x0000024ae3906650 Exception <a 'java/lang/NoSuchMethodError'{0x00000000d6be8d80}: 'java.lang.ClassLoader java.lang.ClassLoader.getPlatformClassLoader(java.lang.Class)'> (0x00000000d6be8d80) 
thrown [s\src\hotspot\share\interpreter\linkResolver.cpp, line 773]
Event: 1.155 Thread 0x0000024ae3906650 Exception <a 'java/lang/ClassNotFoundException'{0x00000000d57431e8}: sun/net/www/protocol/c/Handler> (0x00000000d57431e8) 
thrown [s\src\hotspot\share\classfile\systemDictionary.cpp, line 312]
Event: 1.155 Thread 0x0000024ae3906650 Exception <a 'java/lang/ClassNotFoundException'{0x00000000d5744548}: sun/net/www/protocol/c/Handler> (0x00000000d5744548) 
thrown [s\src\hotspot\share\classfile\systemDictionary.cpp, line 312]
Event: 1.155 Thread 0x0000024ae3906650 Exception <a 'java/lang/ClassNotFoundException'{0x00000000d57456c0}: sun/net/www/protocol/c/Handler> (0x00000000d57456c0) 
thrown [s\src\hotspot\share\classfile\systemDictionary.cpp, line 312]
Event: 1.173 Thread 0x0000024ae3906650 Exception <a 'java/io/FileNotFoundException'{0x00000000d576dbe8}> (0x00000000d576dbe8) 
thrown [s\src\hotspot\share\prims\jni.cpp, line 520]
Event: 1.231 Thread 0x0000024ae3906650 Implicit null exception at 0x0000024aeffeb3a9 to 0x0000024aeffebc24
Event: 1.231 Thread 0x0000024ae3906650 Implicit null exception at 0x0000024aefff429a to 0x0000024aefff44a4
Event: 1.232 Thread 0x0000024ae3906650 Exception <a 'java/lang/NoSuchMethodError'{0x00000000d591d3c8}: 'void java.lang.invoke.DirectMethodHandle$Holder.invokeStatic(java.lang.Object, java.lang.Object, java.lang.Object, java.lang.Object)'> (0x00000000d591d3c8) 
thrown [s\src\hotspot\share\interpreter\linkResolver.cpp, line 773]
Event: 1.234 Thread 0x0000024ae3906650 Implicit null exception at 0x0000024aeffed51a to 0x0000024aeffed724
Event: 1.234 Thread 0x0000024ae3906650 Implicit null exception at 0x0000024aeffed13d to 0x0000024aeffed1c1
Event: 1.364 Thread 0x0000024ae3906650 Exception <a 'java/lang/NoSuchMethodError'{0x00000000d5be1890}: 'void java.lang.invoke.DirectMethodHandle$Holder.invokeSpecial(java.lang.Object, java.lang.Object, java.lang.Object)'> (0x00000000d5be1890) 
thrown [s\src\hotspot\share\interpreter\linkResolver.cpp, line 773]

ZGC Phase Switch (0 events):
No events

VM Operations (14 events):
Event: 0.079 Executing non-safepoint VM operation: HandshakeAllThreads (Deoptimize)
Event: 0.079 Executing non-safepoint VM operation: HandshakeAllThreads (Deoptimize) done
Event: 0.161 Executing non-safepoint VM operation: HandshakeAllThreads (Deoptimize)
Event: 0.161 Executing non-safepoint VM operation: HandshakeAllThreads (Deoptimize) done
Event: 0.680 Executing non-safepoint VM operation: HandshakeAllThreads (Deoptimize)
Event: 0.680 Executing non-safepoint VM operation: HandshakeAllThreads (Deoptimize) done
Event: 0.705 Executing non-safepoint VM operation: HandshakeAllThreads (Deoptimize)
Event: 0.705 Executing non-safepoint VM operation: HandshakeAllThreads (Deoptimize) done
Event: 1.080 Executing safepoint VM operation: ICBufferFull
Event: 1.080 Executing safepoint VM operation: ICBufferFull done
Event: 1.090 Executing safepoint VM operation: ParallelGCFailedAllocation (Allocation Failure)
Event: 1.100 Executing safepoint VM operation: ParallelGCFailedAllocation (Allocation Failure) done
Event: 1.125 Executing non-safepoint VM operation: HandshakeAllThreads (Deoptimize)
Event: 1.125 Executing non-safepoint VM operation: HandshakeAllThreads (Deoptimize) done

Memory protections (0 events):
No events

Nmethod flushes (0 events):
No events

Events (20 events):
Event: 0.041 Thread 0x0000024ae3906650 Thread added: 0x0000024afc2b93c0
Event: 0.041 Thread 0x0000024ae3906650 Thread added: 0x0000024afc2bb880
Event: 0.041 Thread 0x0000024ae3906650 Thread added: 0x0000024afc2c02f0
Event: 0.041 Thread 0x0000024ae3906650 Thread added: 0x0000024afc2c0d50
Event: 0.042 Thread 0x0000024ae3906650 Thread added: 0x0000024afc2c3c00
Event: 0.042 Thread 0x0000024ae3906650 Thread added: 0x0000024afc2caa10
Event: 0.042 Thread 0x0000024ae3906650 Thread added: 0x0000024afd7982f0
Event: 0.042 Thread 0x0000024ae3906650 Thread added: 0x0000024afd7bbd80
Event: 0.078 Thread 0x0000024afd7bbd80 Thread added: 0x0000024afd8b72f0
Event: 0.080 Thread 0x0000024afd8b72f0 Thread added: 0x0000024afd8b8e30
Event: 0.090 Thread 0x0000024afd7bbd80 Thread added: 0x0000024afd8ba2a0
Event: 0.114 Thread 0x0000024ae3906650 Thread added: 0x0000024afda49c60
Event: 0.155 Thread 0x0000024afd7982f0 Thread added: 0x0000024afd8b9bd0
Event: 0.409 Thread 0x0000024ae3906650 Thread added: 0x0000024aff093e90
Event: 0.558 Thread 0x0000024afd8b72f0 Thread added: 0x0000024afd8b6c20
Event: 1.237 Thread 0x0000024afd8b6c20 Thread exited: 0x0000024afd8b6c20
Event: 1.353 Thread 0x0000024afd8ba2a0 Thread exited: 0x0000024afd8ba2a0
Event: 1.449 Thread 0x0000024afd8b8e30 Thread added: 0x0000024afd8ba2a0
Event: 1.449 Thread 0x0000024afd8b8e30 Thread added: 0x0000024afd8b8090
Event: 1.449 Thread 0x0000024afd8b8e30 Thread added: 0x0000024afd8b8760


Dynamic libraries:
0x00007ff7a9690000 - 0x00007ff7a969e000 	c:\Users\caren\.vscode\extensions\redhat.java-1.54.0-win32-x64\jre\21.0.10-win32-x86_64\bin\java.exe
0x00007ffb49be0000 - 0x00007ffb49e47000 	C:\WINDOWS\SYSTEM32\ntdll.dll
0x00007ffb480e0000 - 0x00007ffb481a9000 	C:\WINDOWS\System32\KERNEL32.DLL
0x00007ffb468d0000 - 0x00007ffb46cc7000 	C:\WINDOWS\System32\KERNELBASE.dll
0x00007ffb47630000 - 0x00007ffb4777b000 	C:\WINDOWS\System32\ucrtbase.dll
0x00007ffb1c9e0000 - 0x00007ffb1c9f8000 	c:\Users\caren\.vscode\extensions\redhat.java-1.54.0-win32-x64\jre\21.0.10-win32-x86_64\bin\jli.dll
0x00007ffb1ca00000 - 0x00007ffb1ca1e000 	c:\Users\caren\.vscode\extensions\redhat.java-1.54.0-win32-x64\jre\21.0.10-win32-x86_64\bin\VCRUNTIME140.dll
0x00007ffb48ac0000 - 0x00007ffb48c86000 	C:\WINDOWS\System32\USER32.dll
0x00007ffb47540000 - 0x00007ffb47567000 	C:\WINDOWS\System32\win32u.dll
0x00007ffb2f890000 - 0x00007ffb2fb22000 	C:\WINDOWS\WinSxS\amd64_microsoft.windows.common-controls_6595b64144ccf1df_6.0.26100.8457_none_3e0b2faee331e92d\COMCTL32.dll
0x00007ffb483f0000 - 0x00007ffb4841b000 	C:\WINDOWS\System32\GDI32.dll
0x00007ffb49810000 - 0x00007ffb498b9000 	C:\WINDOWS\System32\msvcrt.dll
0x00007ffb47780000 - 0x00007ffb478ac000 	C:\WINDOWS\System32\gdi32full.dll
0x00007ffb46820000 - 0x00007ffb468c3000 	C:\WINDOWS\System32\msvcp_win.dll
0x00007ffb497d0000 - 0x00007ffb49802000 	C:\WINDOWS\System32\IMM32.DLL
0x00007ffb1cdd0000 - 0x00007ffb1cddc000 	c:\Users\caren\.vscode\extensions\redhat.java-1.54.0-win32-x64\jre\21.0.10-win32-x86_64\bin\vcruntime140_1.dll
0x00007ffb0d050000 - 0x00007ffb0d0dd000 	c:\Users\caren\.vscode\extensions\redhat.java-1.54.0-win32-x64\jre\21.0.10-win32-x86_64\bin\msvcp140.dll
0x00007ffab5220000 - 0x00007ffab5fc1000 	c:\Users\caren\.vscode\extensions\redhat.java-1.54.0-win32-x64\jre\21.0.10-win32-x86_64\bin\server\jvm.dll
0x00007ffb49ad0000 - 0x00007ffb49b86000 	C:\WINDOWS\System32\ADVAPI32.dll
0x00007ffb481b0000 - 0x00007ffb48257000 	C:\WINDOWS\System32\sechost.dll
0x00007ffb48790000 - 0x00007ffb488a8000 	C:\WINDOWS\System32\RPCRT4.dll
0x00007ffb48260000 - 0x00007ffb482e0000 	C:\WINDOWS\System32\WS2_32.dll
0x00007ffb46470000 - 0x00007ffb464ce000 	C:\WINDOWS\SYSTEM32\POWRPROF.dll
0x00007ffb3aee0000 - 0x00007ffb3af16000 	C:\WINDOWS\SYSTEM32\WINMM.dll
0x00007ffb40c40000 - 0x00007ffb40c4b000 	C:\WINDOWS\SYSTEM32\VERSION.dll
0x00007ffb46450000 - 0x00007ffb46464000 	C:\WINDOWS\SYSTEM32\UMPDC.dll
0x00007ffb45370000 - 0x00007ffb4538b000 	C:\WINDOWS\SYSTEM32\kernel.appcore.dll
0x00007ffb1cdc0000 - 0x00007ffb1cdca000 	c:\Users\caren\.vscode\extensions\redhat.java-1.54.0-win32-x64\jre\21.0.10-win32-x86_64\bin\jimage.dll
0x00007ffb31050000 - 0x00007ffb31292000 	C:\WINDOWS\SYSTEM32\DBGHELP.DLL
0x00007ffb49440000 - 0x00007ffb497c3000 	C:\WINDOWS\System32\combase.dll
0x00007ffb48960000 - 0x00007ffb48a39000 	C:\WINDOWS\System32\OLEAUT32.dll
0x00007ffb2d4d0000 - 0x00007ffb2d50b000 	C:\WINDOWS\SYSTEM32\dbgcore.DLL
0x00007ffb478b0000 - 0x00007ffb47958000 	C:\WINDOWS\System32\bcryptPrimitives.dll
0x00007ffb17360000 - 0x00007ffb1736f000 	c:\Users\caren\.vscode\extensions\redhat.java-1.54.0-win32-x64\jre\21.0.10-win32-x86_64\bin\instrument.dll
0x00007ffb1cda0000 - 0x00007ffb1cdc0000 	c:\Users\caren\.vscode\extensions\redhat.java-1.54.0-win32-x64\jre\21.0.10-win32-x86_64\bin\java.dll
0x00007ffb47960000 - 0x00007ffb480ce000 	C:\WINDOWS\System32\SHELL32.dll
0x00007ffb46cd0000 - 0x00007ffb4753c000 	C:\WINDOWS\System32\windows.storage.dll
0x00007ffb492b0000 - 0x00007ffb493a6000 	C:\WINDOWS\System32\SHCORE.dll
0x00007ffb498c0000 - 0x00007ffb49926000 	C:\WINDOWS\System32\shlwapi.dll
0x00007ffb46530000 - 0x00007ffb46559000 	C:\WINDOWS\SYSTEM32\profapi.dll
0x00007ffb1c9c0000 - 0x00007ffb1c9d8000 	c:\Users\caren\.vscode\extensions\redhat.java-1.54.0-win32-x64\jre\21.0.10-win32-x86_64\bin\zip.dll
0x00007ffb1cd90000 - 0x00007ffb1cda0000 	C:\Users\caren\.vscode\extensions\redhat.java-1.54.0-win32-x64\jre\21.0.10-win32-x86_64\bin\net.dll
0x00007ffb415a0000 - 0x00007ffb416c9000 	C:\WINDOWS\SYSTEM32\WINHTTP.dll
0x00007ffb45910000 - 0x00007ffb4597c000 	C:\WINDOWS\system32\mswsock.dll
0x00007ffb0d030000 - 0x00007ffb0d046000 	C:\Users\caren\.vscode\extensions\redhat.java-1.54.0-win32-x64\jre\21.0.10-win32-x86_64\bin\nio.dll
0x00007ffb102b0000 - 0x00007ffb102c0000 	c:\Users\caren\.vscode\extensions\redhat.java-1.54.0-win32-x64\jre\21.0.10-win32-x86_64\bin\verify.dll

JVMTI agents:
c:\Users\caren\.vscode\extensions\redhat.java-1.54.0-win32-x64\lombok\lombok-1.18.39-4050.jar path:c:\Users\caren\.vscode\extensions\redhat.java-1.54.0-win32-x64\jre\21.0.10-win32-x86_64\bin\instrument.dll, loaded, initialized, instrumentlib options:none

dbghelp: loaded successfully - version: 4.0.5 - missing functions: none
symbol engine: initialized successfully - sym options: 0x614 - pdb path: .;c:\Users\caren\.vscode\extensions\redhat.java-1.54.0-win32-x64\jre\21.0.10-win32-x86_64\bin;C:\WINDOWS\SYSTEM32;C:\WINDOWS\WinSxS\amd64_microsoft.windows.common-controls_6595b64144ccf1df_6.0.26100.8457_none_3e0b2faee331e92d;c:\Users\caren\.vscode\extensions\redhat.java-1.54.0-win32-x64\jre\21.0.10-win32-x86_64\bin\server

VM Arguments:
jvm_args: --add-modules=ALL-SYSTEM --add-opens=java.base/java.util=ALL-UNNAMED --add-opens=java.base/java.lang=ALL-UNNAMED --add-opens=java.base/sun.nio.fs=ALL-UNNAMED -Declipse.application=org.eclipse.jdt.ls.core.id1 -Dosgi.bundles.defaultStartLevel=4 -Declipse.product=org.eclipse.jdt.ls.core.product -Djava.import.generatesMetadataFilesAtProjectRoot=false -DDetectVMInstallationsJob.disabled=true -Dfile.encoding=utf8 -XX:+UseParallelGC -XX:GCTimeRatio=4 -XX:AdaptiveSizePolicyWeight=90 -Dsun.zip.disableMemoryMapping=true -Xmx2G -Xms100m -Xlog:disable -javaagent:c:\Users\caren\.vscode\extensions\redhat.java-1.54.0-win32-x64\lombok\lombok-1.18.39-4050.jar 
java_command: c:\Users\caren\.vscode\extensions\redhat.java-1.54.0-win32-x64\server\plugins\org.eclipse.equinox.launcher_1.7.100.v20251111-0406.jar -configuration c:\Users\caren\AppData\Roaming\Code\User\globalStorage\redhat.java\1.54.0\config_ss_win -data c:\Users\caren\AppData\Roaming\Code\User\workspaceStorage\4edd4b11fff888b15d5f69428c806800\redhat.java\ss_ws --pipe=\\.\pipe\lsp-eba15a45f854c2a938fc06bcd19cff26-sock
java_class_path (initial): c:\Users\caren\.vscode\extensions\redhat.java-1.54.0-win32-x64\server\plugins\org.eclipse.equinox.launcher_1.7.100.v20251111-0406.jar
Launcher Type: SUN_STANDARD

[Global flags]
    uintx AdaptiveSizePolicyWeight                 = 90                                        {product} {command line}
     intx CICompilerCount                          = 12                                        {product} {ergonomic}
    uintx GCTimeRatio                              = 4                                         {product} {command line}
   size_t InitialHeapSize                          = 104857600                                 {product} {command line}
   size_t MaxHeapSize                              = 2147483648                                {product} {command line}
   size_t MaxNewSize                               = 715653120                                 {product} {ergonomic}
   size_t MinHeapDeltaBytes                        = 524288                                    {product} {ergonomic}
   size_t MinHeapSize                              = 104857600                                 {product} {command line}
   size_t NewSize                                  = 34603008                                  {product} {ergonomic}
    uintx NonNMethodCodeHeapSize                   = 7602480                                {pd product} {ergonomic}
    uintx NonProfiledCodeHeapSize                  = 122027880                              {pd product} {ergonomic}
   size_t OldSize                                  = 70254592                                  {product} {ergonomic}
    uintx ProfiledCodeHeapSize                     = 122027880                              {pd product} {ergonomic}
    uintx ReservedCodeCacheSize                    = 251658240                              {pd product} {ergonomic}
     bool SegmentedCodeCache                       = true                                      {product} {ergonomic}
   size_t SoftMaxHeapSize                          = 2147483648                             {manageable} {ergonomic}
     bool UseCompressedOops                        = true                           {product lp64_product} {ergonomic}
     bool UseLargePagesIndividualAllocation        = false                                  {pd product} {ergonomic}
     bool UseParallelGC                            = true                                      {product} {command line}

Logging:
Log output configuration:
 #0: stdout all=off uptime,level,tags foldmultilines=false
 #1: stderr all=off uptime,level,tags foldmultilines=false

Release file:
JAVA_VERSION="21.0.10" 
MODULES="java.base java.compiler java.datatransfer java.xml java.prefs java.desktop java.instrument java.logging java.management java.security.sasl java.naming java.rmi java.management.rmi java.net.http java.scripting java.security.jgss java.transaction.xa java.sql java.sql.rowset java.xml.crypto java.se java.smartcardio jdk.accessibility jdk.internal.jvmstat jdk.attach jdk.charsets jdk.internal.opt jdk.zipfs jdk.compiler jdk.crypto.ec jdk.crypto.cryptoki jdk.crypto.mscapi jdk.dynalink jdk.internal.ed jdk.editpad jdk.hotspot.agent jdk.httpserver jdk.internal.le jdk.internal.vm.ci jdk.internal.vm.compiler jdk.internal.vm.compiler.management jdk.jartool jdk.javadoc jdk.jcmd jdk.management jdk.management.agent jdk.jconsole jdk.jdeps jdk.jdwp.agent jdk.jdi jdk.jfr jdk.jshell jdk.jsobject jdk.jstatd jdk.localedata jdk.management.jfr jdk.naming.dns jdk.naming.rmi jdk.net jdk.nio.mapmode jdk.random jdk.sctp jdk.security.auth jdk.security.jgss jdk.unsupported jdk.unsupported.desktop jdk.xml.dom" 

Environment Variables:
JAVA_HOME=C:\Users\caren\AppData\Local\Programs\Eclipse Adoptium\jdk-21.0.9.10-hotspot\
PATH=C:\Users\caren\AppData\Local\Programs\Microsoft VS Code;C:\Program Files\Eclipse Adoptium\jdk-11.0.26.4-hotspot\bin;C:\Program Files\Common Files\Oracle\Java\javapath;C:\Program Files (x86)\Common Files\Oracle\Java\javapath;C:\WINDOWS\system32;C:\WINDOWS;C:\WINDOWS\System32\Wbem;C:\WINDOWS\System32\WindowsPowerShell\v1.0\;C:\WINDOWS\System32\OpenSSH\;C:\Program Files (x86)\NVIDIA Corporation\PhysX\Common;C:\Program Files\NVIDIA Corporation\NVIDIA NvDLISR;C:\Program Files\dotnet\;C:\Program Files (x86)\Bitvise SSH Client;C:\ProgramData\ComposerSetup\bin;C:\Program Files\nodejs\;C:\Program Files\Git\cmd;C:\Program Files (x86)\Windows Kits\10\Windows Performance Toolkit\;C:\Program Files\Go\bin;C:\Go\bin;C:\Program Files\k6\;C:\Users\caren\Downloads\flutter_windows_3.41.7-stable\flutter\bin;C:\Users\caren\AppData\Local\Programs\Microsoft VS Code\bin;C:\Users\caren\AppData\Local\Android\sdk\tools\bin;
USERNAME=caren
OS=Windows_NT
PROCESSOR_IDENTIFIER=AMD64 Family 25 Model 68 Stepping 1, AuthenticAMD
TMP=C:\Users\caren\AppData\Local\Temp
TEMP=C:\Users\caren\AppData\Local\Temp




Periodic native trim disabled

---------------  S Y S T E M  ---------------

OS:
 Windows 11 , 64 bit Build 26100 (10.0.26100.8328)
OS uptime: 0 days 13:10 hours
Hyper-V role detected

CPU: total 16 (initial active 16) (16 cores per cpu, 2 threads per core) family 25 model 68 stepping 1 microcode 0xa404105, cx8, cmov, fxsr, ht, mmx, 3dnowpref, sse, sse2, sse3, ssse3, sse4a, sse4.1, sse4.2, popcnt, lzcnt, tsc, tscinvbit, avx, avx2, aes, erms, clmul, bmi1, bmi2, adx, sha, fma, vzeroupper, clflush, clflushopt, hv, rdtscp, rdpid, fsrm, f16c, cet_ss
Processor Information for processor 0
  Max Mhz: 3100, Current Mhz: 3100, Mhz Limit: 3100
Processor Information for processor 1
  Max Mhz: 3100, Current Mhz: 3100, Mhz Limit: 3100
Processor Information for processor 2
  Max Mhz: 3100, Current Mhz: 3100, Mhz Limit: 3100
Processor Information for processor 3
  Max Mhz: 3100, Current Mhz: 3100, Mhz Limit: 3100
Processor Information for processor 4
  Max Mhz: 3100, Current Mhz: 3100, Mhz Limit: 3100
Processor Information for processor 5
  Max Mhz: 3100, Current Mhz: 3100, Mhz Limit: 3100
Processor Information for processor 6
  Max Mhz: 3100, Current Mhz: 3100, Mhz Limit: 3100
Processor Information for processor 7
  Max Mhz: 3100, Current Mhz: 3100, Mhz Limit: 3100
Processor Information for processor 8
  Max Mhz: 3100, Current Mhz: 3100, Mhz Limit: 3100
Processor Information for processor 9
  Max Mhz: 3100, Current Mhz: 3100, Mhz Limit: 3100
Processor Information for processor 10
  Max Mhz: 3100, Current Mhz: 3100, Mhz Limit: 3100
Processor Information for processor 11
  Max Mhz: 3100, Current Mhz: 3100, Mhz Limit: 3100
Processor Information for processor 12
  Max Mhz: 3100, Current Mhz: 2523, Mhz Limit: 3100
Processor Information for processor 13
  Max Mhz: 3100, Current Mhz: 3100, Mhz Limit: 3100
Processor Information for processor 14
  Max Mhz: 3100, Current Mhz: 3100, Mhz Limit: 3100
Processor Information for processor 15
  Max Mhz: 3100, Current Mhz: 3100, Mhz Limit: 3100

Memory: 4k page, system-wide physical 16202M (2242M free)
TotalPageFile size 26120M (AvailPageFile size 6M)
current process WorkingSet (physical memory assigned to process): 90M, peak: 90M
current process commit charge ("private bytes"): 257M, peak: 258M

vm_info: OpenJDK 64-Bit Server VM (21.0.10+7-LTS) for windows-amd64 JRE (21.0.10+7-LTS), built on 2026-01-20T00:00:00Z by "admin" with MS VC++ 17.12 (VS2022)

END.
